2022/01/21 18:38:39 main.go:15: test
2022/01/21 18:39:35 main.go:15: test
2022/01/23 03:01:16 users.go:33: no such table: users
2022/01/23 17:33:36 users.go:33: no such table: users
2022/01/23 17:40:05 users.go:33: no such table: users
2022/01/23 17:43:46 users.go:33: no such table: users
2022/02/05 01:44:51 server.go:3139: http: panic serving [::1]:59631: template: layout.html:12: function "templatetag" not defined
goroutine 7 [running]:
net/http.(*conn).serve.func1(0xc000107360)
	/usr/local/Cellar/go/1.16.5/libexec/src/net/http/server.go:1824 +0x153
panic(0x44c3160, 0xc0001940c0)
	/usr/local/Cellar/go/1.16.5/libexec/src/runtime/panic.go:971 +0x499
html/template.Must(...)
	/usr/local/Cellar/go/1.16.5/libexec/src/html/template/template.go:374
todo_app/app/controllers.generateHTML(0x45a7970, 0xc0001ac000, 0x44b2600, 0x459b840, 0xc00010fab8, 0x2, 0x2)
	/Users/nishikawamasahumi/go/src/todo_app/app/controllers/server.go:18 +0x2ce
todo_app/app/controllers.top(0x45a7970, 0xc0001ac000, 0xc00014a100)
	/Users/nishikawamasahumi/go/src/todo_app/app/controllers/route_main.go:8 +0xa5
net/http.HandlerFunc.ServeHTTP(0x454b618, 0x45a7970, 0xc0001ac000, 0xc00014a100)
	/usr/local/Cellar/go/1.16.5/libexec/src/net/http/server.go:2069 +0x44
net/http.(*ServeMux).ServeHTTP(0x47c6260, 0x45a7970, 0xc0001ac000, 0xc00014a100)
	/usr/local/Cellar/go/1.16.5/libexec/src/net/http/server.go:2448 +0x1ad
net/http.serverHandler.ServeHTTP(0xc000152000, 0x45a7970, 0xc0001ac000, 0xc00014a100)
	/usr/local/Cellar/go/1.16.5/libexec/src/net/http/server.go:2887 +0xa3
net/http.(*conn).serve(0xc000107360, 0x45a8120, 0xc000060500)
	/usr/local/Cellar/go/1.16.5/libexec/src/net/http/server.go:1952 +0x8cd
created by net/http.(*Server).Serve
	/usr/local/Cellar/go/1.16.5/libexec/src/net/http/server.go:3013 +0x39b
2022/02/05 01:44:52 server.go:3139: http: panic serving [::1]:59632: template: layout.html:12: function "templatetag" not defined
goroutine 18 [running]:
net/http.(*conn).serve.func1(0xc00018c000)
	/usr/local/Cellar/go/1.16.5/libexec/src/net/http/server.go:1824 +0x153
panic(0x44c3160, 0xc000013100)
	/usr/local/Cellar/go/1.16.5/libexec/src/runtime/panic.go:971 +0x499
html/template.Must(...)
	/usr/local/Cellar/go/1.16.5/libexec/src/html/template/template.go:374
todo_app/app/controllers.generateHTML(0x45a7970, 0xc0001520e0, 0x44b2600, 0x459b840, 0xc000049ab8, 0x2, 0x2)
	/Users/nishikawamasahumi/go/src/todo_app/app/controllers/server.go:18 +0x2ce
todo_app/app/controllers.top(0x45a7970, 0xc0001520e0, 0xc000198000)
	/Users/nishikawamasahumi/go/src/todo_app/app/controllers/route_main.go:8 +0xa5
net/http.HandlerFunc.ServeHTTP(0x454b618, 0x45a7970, 0xc0001520e0, 0xc000198000)
	/usr/local/Cellar/go/1.16.5/libexec/src/net/http/server.go:2069 +0x44
net/http.(*ServeMux).ServeHTTP(0x47c6260, 0x45a7970, 0xc0001520e0, 0xc000198000)
	/usr/local/Cellar/go/1.16.5/libexec/src/net/http/server.go:2448 +0x1ad
net/http.serverHandler.ServeHTTP(0xc000152000, 0x45a7970, 0xc0001520e0, 0xc000198000)
	/usr/local/Cellar/go/1.16.5/libexec/src/net/http/server.go:2887 +0xa3
net/http.(*conn).serve(0xc00018c000, 0x45a8120, 0xc000192000)
	/usr/local/Cellar/go/1.16.5/libexec/src/net/http/server.go:1952 +0x8cd
created by net/http.(*Server).Serve
	/usr/local/Cellar/go/1.16.5/libexec/src/net/http/server.go:3013 +0x39b
2022/02/05 01:44:52 server.go:3139: http: panic serving [::1]:59633: template: layout.html:12: function "templatetag" not defined
goroutine 34 [running]:
net/http.(*conn).serve.func1(0xc000096000)
	/usr/local/Cellar/go/1.16.5/libexec/src/net/http/server.go:1824 +0x153
panic(0x44c3160, 0xc0002100c0)
	/usr/local/Cellar/go/1.16.5/libexec/src/runtime/panic.go:971 +0x499
html/template.Must(...)
	/usr/local/Cellar/go/1.16.5/libexec/src/html/template/template.go:374
todo_app/app/controllers.generateHTML(0x45a7970, 0xc00022c000, 0x44b2600, 0x459b840, 0xc0000a4ab8, 0x2, 0x2)
	/Users/nishikawamasahumi/go/src/todo_app/app/controllers/server.go:18 +0x2ce
todo_app/app/controllers.top(0x45a7970, 0xc00022c000, 0xc0000b2000)
	/Users/nishikawamasahumi/go/src/todo_app/app/controllers/route_main.go:8 +0xa5
net/http.HandlerFunc.ServeHTTP(0x454b618, 0x45a7970, 0xc00022c000, 0xc0000b2000)
	/usr/local/Cellar/go/1.16.5/libexec/src/net/http/server.go:2069 +0x44
net/http.(*ServeMux).ServeHTTP(0x47c6260, 0x45a7970, 0xc00022c000, 0xc0000b2000)
	/usr/local/Cellar/go/1.16.5/libexec/src/net/http/server.go:2448 +0x1ad
net/http.serverHandler.ServeHTTP(0xc000152000, 0x45a7970, 0xc00022c000, 0xc0000b2000)
	/usr/local/Cellar/go/1.16.5/libexec/src/net/http/server.go:2887 +0xa3
net/http.(*conn).serve(0xc000096000, 0x45a8120, 0xc0000aa000)
	/usr/local/Cellar/go/1.16.5/libexec/src/net/http/server.go:1952 +0x8cd
created by net/http.(*Server).Serve
	/usr/local/Cellar/go/1.16.5/libexec/src/net/http/server.go:3013 +0x39b
2022/02/05 01:45:07 server.go:3139: http: panic serving [::1]:59634: template: layout.html:12: function "templatetag" not defined
goroutine 50 [running]:
net/http.(*conn).serve.func1(0xc000208000)
	/usr/local/Cellar/go/1.16.5/libexec/src/net/http/server.go:1824 +0x153
panic(0x44c3160, 0xc0002101a0)
	/usr/local/Cellar/go/1.16.5/libexec/src/runtime/panic.go:971 +0x499
html/template.Must(...)
	/usr/local/Cellar/go/1.16.5/libexec/src/html/template/template.go:374
todo_app/app/controllers.generateHTML(0x45a7970, 0xc00022c0e0, 0x44b2600, 0x459b840, 0xc0000a0ab8, 0x2, 0x2)
	/Users/nishikawamasahumi/go/src/todo_app/app/controllers/server.go:18 +0x2ce
todo_app/app/controllers.top(0x45a7970, 0xc00022c0e0, 0xc000216000)
	/Users/nishikawamasahumi/go/src/todo_app/app/controllers/route_main.go:8 +0xa5
net/http.HandlerFunc.ServeHTTP(0x454b618, 0x45a7970, 0xc00022c0e0, 0xc000216000)
	/usr/local/Cellar/go/1.16.5/libexec/src/net/http/server.go:2069 +0x44
net/http.(*ServeMux).ServeHTTP(0x47c6260, 0x45a7970, 0xc00022c0e0, 0xc000216000)
	/usr/local/Cellar/go/1.16.5/libexec/src/net/http/server.go:2448 +0x1ad
net/http.serverHandler.ServeHTTP(0xc000152000, 0x45a7970, 0xc00022c0e0, 0xc000216000)
	/usr/local/Cellar/go/1.16.5/libexec/src/net/http/server.go:2887 +0xa3
net/http.(*conn).serve(0xc000208000, 0x45a8120, 0xc00020e000)
	/usr/local/Cellar/go/1.16.5/libexec/src/net/http/server.go:1952 +0x8cd
created by net/http.(*Server).Serve
	/usr/local/Cellar/go/1.16.5/libexec/src/net/http/server.go:3013 +0x39b
2022/02/05 01:45:07 server.go:3139: http: panic serving [::1]:59645: template: layout.html:12: function "templatetag" not defined
goroutine 53 [running]:
net/http.(*conn).serve.func1(0xc0002080a0)
	/usr/local/Cellar/go/1.16.5/libexec/src/net/http/server.go:1824 +0x153
panic(0x44c3160, 0xc0000131d0)
	/usr/local/Cellar/go/1.16.5/libexec/src/runtime/panic.go:971 +0x499
html/template.Must(...)
	/usr/local/Cellar/go/1.16.5/libexec/src/html/template/template.go:374
todo_app/app/controllers.generateHTML(0x45a7970, 0xc0001521c0, 0x44b2600, 0x459b840, 0xc0000a4ab8, 0x2, 0x2)
	/Users/nishikawamasahumi/go/src/todo_app/app/controllers/server.go:18 +0x2ce
todo_app/app/controllers.top(0x45a7970, 0xc0001521c0, 0xc000216300)
	/Users/nishikawamasahumi/go/src/todo_app/app/controllers/route_main.go:8 +0xa5
net/http.HandlerFunc.ServeHTTP(0x454b618, 0x45a7970, 0xc0001521c0, 0xc000216300)
	/usr/local/Cellar/go/1.16.5/libexec/src/net/http/server.go:2069 +0x44
net/http.(*ServeMux).ServeHTTP(0x47c6260, 0x45a7970, 0xc0001521c0, 0xc000216300)
	/usr/local/Cellar/go/1.16.5/libexec/src/net/http/server.go:2448 +0x1ad
net/http.serverHandler.ServeHTTP(0xc000152000, 0x45a7970, 0xc0001521c0, 0xc000216300)
	/usr/local/Cellar/go/1.16.5/libexec/src/net/http/server.go:2887 +0xa3
net/http.(*conn).serve(0xc0002080a0, 0x45a8120, 0xc00020e1c0)
	/usr/local/Cellar/go/1.16.5/libexec/src/net/http/server.go:1952 +0x8cd
created by net/http.(*Server).Serve
	/usr/local/Cellar/go/1.16.5/libexec/src/net/http/server.go:3013 +0x39b
2022/02/05 01:45:07 server.go:3139: http: panic serving [::1]:59646: template: layout.html:12: function "templatetag" not defined
goroutine 35 [running]:
net/http.(*conn).serve.func1(0xc0000960a0)
	/usr/local/Cellar/go/1.16.5/libexec/src/net/http/server.go:1824 +0x153
panic(0x44c3160, 0xc0000ac0d0)
	/usr/local/Cellar/go/1.16.5/libexec/src/runtime/panic.go:971 +0x499
html/template.Must(...)
	/usr/local/Cellar/go/1.16.5/libexec/src/html/template/template.go:374
todo_app/app/controllers.generateHTML(0x45a7970, 0xc0000c8000, 0x44b2600, 0x459b840, 0xc0000a5ab8, 0x2, 0x2)
	/Users/nishikawamasahumi/go/src/todo_app/app/controllers/server.go:18 +0x2ce
todo_app/app/controllers.top(0x45a7970, 0xc0000c8000, 0xc0000b2100)
	/Users/nishikawamasahumi/go/src/todo_app/app/controllers/route_main.go:8 +0xa5
net/http.HandlerFunc.ServeHTTP(0x454b618, 0x45a7970, 0xc0000c8000, 0xc0000b2100)
	/usr/local/Cellar/go/1.16.5/libexec/src/net/http/server.go:2069 +0x44
net/http.(*ServeMux).ServeHTTP(0x47c6260, 0x45a7970, 0xc0000c8000, 0xc0000b2100)
	/usr/local/Cellar/go/1.16.5/libexec/src/net/http/server.go:2448 +0x1ad
net/http.serverHandler.ServeHTTP(0xc000152000, 0x45a7970, 0xc0000c8000, 0xc0000b2100)
	/usr/local/Cellar/go/1.16.5/libexec/src/net/http/server.go:2887 +0xa3
net/http.(*conn).serve(0xc0000960a0, 0x45a8120, 0xc0000aa0c0)
	/usr/local/Cellar/go/1.16.5/libexec/src/net/http/server.go:1952 +0x8cd
created by net/http.(*Server).Serve
	/usr/local/Cellar/go/1.16.5/libexec/src/net/http/server.go:3013 +0x39b
2022/02/05 01:45:08 server.go:3139: http: panic serving [::1]:59647: template: layout.html:12: function "templatetag" not defined
goroutine 56 [running]:
net/http.(*conn).serve.func1(0xc000208140)
	/usr/local/Cellar/go/1.16.5/libexec/src/net/http/server.go:1824 +0x153
panic(0x44c3160, 0xc000210290)
	/usr/local/Cellar/go/1.16.5/libexec/src/runtime/panic.go:971 +0x499
html/template.Must(...)
	/usr/local/Cellar/go/1.16.5/libexec/src/html/template/template.go:374
todo_app/app/controllers.generateHTML(0x45a7970, 0xc00022c1c0, 0x44b2600, 0x459b840, 0xc0000a1ab8, 0x2, 0x2)
	/Users/nishikawamasahumi/go/src/todo_app/app/controllers/server.go:18 +0x2ce
todo_app/app/controllers.top(0x45a7970, 0xc00022c1c0, 0xc000216600)
	/Users/nishikawamasahumi/go/src/todo_app/app/controllers/route_main.go:8 +0xa5
net/http.HandlerFunc.ServeHTTP(0x454b618, 0x45a7970, 0xc00022c1c0, 0xc000216600)
	/usr/local/Cellar/go/1.16.5/libexec/src/net/http/server.go:2069 +0x44
net/http.(*ServeMux).ServeHTTP(0x47c6260, 0x45a7970, 0xc00022c1c0, 0xc000216600)
	/usr/local/Cellar/go/1.16.5/libexec/src/net/http/server.go:2448 +0x1ad
net/http.serverHandler.ServeHTTP(0xc000152000, 0x45a7970, 0xc00022c1c0, 0xc000216600)
	/usr/local/Cellar/go/1.16.5/libexec/src/net/http/server.go:2887 +0xa3
net/http.(*conn).serve(0xc000208140, 0x45a8120, 0xc00020e3c0)
	/usr/local/Cellar/go/1.16.5/libexec/src/net/http/server.go:1952 +0x8cd
created by net/http.(*Server).Serve
	/usr/local/Cellar/go/1.16.5/libexec/src/net/http/server.go:3013 +0x39b
2022/02/05 01:45:08 server.go:3139: http: panic serving [::1]:59648: template: layout.html:12: function "templatetag" not defined
goroutine 57 [running]:
net/http.(*conn).serve.func1(0xc0002081e0)
	/usr/local/Cellar/go/1.16.5/libexec/src/net/http/server.go:1824 +0x153
panic(0x44c3160, 0xc0000132a0)
	/usr/local/Cellar/go/1.16.5/libexec/src/runtime/panic.go:971 +0x499
html/template.Must(...)
	/usr/local/Cellar/go/1.16.5/libexec/src/html/template/template.go:374
todo_app/app/controllers.generateHTML(0x45a7970, 0xc0001522a0, 0x44b2600, 0x459b840, 0xc0000a0ab8, 0x2, 0x2)
	/Users/nishikawamasahumi/go/src/todo_app/app/controllers/server.go:18 +0x2ce
todo_app/app/controllers.top(0x45a7970, 0xc0001522a0, 0xc000216500)
	/Users/nishikawamasahumi/go/src/todo_app/app/controllers/route_main.go:8 +0xa5
net/http.HandlerFunc.ServeHTTP(0x454b618, 0x45a7970, 0xc0001522a0, 0xc000216500)
	/usr/local/Cellar/go/1.16.5/libexec/src/net/http/server.go:2069 +0x44
net/http.(*ServeMux).ServeHTTP(0x47c6260, 0x45a7970, 0xc0001522a0, 0xc000216500)
	/usr/local/Cellar/go/1.16.5/libexec/src/net/http/server.go:2448 +0x1ad
net/http.serverHandler.ServeHTTP(0xc000152000, 0x45a7970, 0xc0001522a0, 0xc000216500)
	/usr/local/Cellar/go/1.16.5/libexec/src/net/http/server.go:2887 +0xa3
net/http.(*conn).serve(0xc0002081e0, 0x45a8120, 0xc00020e340)
	/usr/local/Cellar/go/1.16.5/libexec/src/net/http/server.go:1952 +0x8cd
created by net/http.(*Server).Serve
	/usr/local/Cellar/go/1.16.5/libexec/src/net/http/server.go:3013 +0x39b
2022/02/05 01:45:08 server.go:3139: http: panic serving [::1]:59649: template: layout.html:12: function "templatetag" not defined
goroutine 38 [running]:
net/http.(*conn).serve.func1(0xc000096140)
	/usr/local/Cellar/go/1.16.5/libexec/src/net/http/server.go:1824 +0x153
panic(0x44c3160, 0xc000013370)
	/usr/local/Cellar/go/1.16.5/libexec/src/runtime/panic.go:971 +0x499
html/template.Must(...)
	/usr/local/Cellar/go/1.16.5/libexec/src/html/template/template.go:374
todo_app/app/controllers.generateHTML(0x45a7970, 0xc000152380, 0x44b2600, 0x459b840, 0xc0000a5ab8, 0x2, 0x2)
	/Users/nishikawamasahumi/go/src/todo_app/app/controllers/server.go:18 +0x2ce
todo_app/app/controllers.top(0x45a7970, 0xc000152380, 0xc0000b2300)
	/Users/nishikawamasahumi/go/src/todo_app/app/controllers/route_main.go:8 +0xa5
net/http.HandlerFunc.ServeHTTP(0x454b618, 0x45a7970, 0xc000152380, 0xc0000b2300)
	/usr/local/Cellar/go/1.16.5/libexec/src/net/http/server.go:2069 +0x44
net/http.(*ServeMux).ServeHTTP(0x47c6260, 0x45a7970, 0xc000152380, 0xc0000b2300)
	/usr/local/Cellar/go/1.16.5/libexec/src/net/http/server.go:2448 +0x1ad
net/http.serverHandler.ServeHTTP(0xc000152000, 0x45a7970, 0xc000152380, 0xc0000b2300)
	/usr/local/Cellar/go/1.16.5/libexec/src/net/http/server.go:2887 +0xa3
net/http.(*conn).serve(0xc000096140, 0x45a8120, 0xc0000aa240)
	/usr/local/Cellar/go/1.16.5/libexec/src/net/http/server.go:1952 +0x8cd
created by net/http.(*Server).Serve
	/usr/local/Cellar/go/1.16.5/libexec/src/net/http/server.go:3013 +0x39b
2022/02/05 01:45:13 server.go:3139: http: panic serving [::1]:59655: template: layout.html:12: function "templatetag" not defined
goroutine 21 [running]:
net/http.(*conn).serve.func1(0xc00018c0a0)
	/usr/local/Cellar/go/1.16.5/libexec/src/net/http/server.go:1824 +0x153
panic(0x44c3160, 0xc0001941a0)
	/usr/local/Cellar/go/1.16.5/libexec/src/runtime/panic.go:971 +0x499
html/template.Must(...)
	/usr/local/Cellar/go/1.16.5/libexec/src/html/template/template.go:374
todo_app/app/controllers.generateHTML(0x45a7970, 0xc0001ac0e0, 0x44b2600, 0x459b840, 0xc00004aab8, 0x2, 0x2)
	/Users/nishikawamasahumi/go/src/todo_app/app/controllers/server.go:18 +0x2ce
todo_app/app/controllers.top(0x45a7970, 0xc0001ac0e0, 0xc000198200)
	/Users/nishikawamasahumi/go/src/todo_app/app/controllers/route_main.go:8 +0xa5
net/http.HandlerFunc.ServeHTTP(0x454b618, 0x45a7970, 0xc0001ac0e0, 0xc000198200)
	/usr/local/Cellar/go/1.16.5/libexec/src/net/http/server.go:2069 +0x44
net/http.(*ServeMux).ServeHTTP(0x47c6260, 0x45a7970, 0xc0001ac0e0, 0xc000198200)
	/usr/local/Cellar/go/1.16.5/libexec/src/net/http/server.go:2448 +0x1ad
net/http.serverHandler.ServeHTTP(0xc000152000, 0x45a7970, 0xc0001ac0e0, 0xc000198200)
	/usr/local/Cellar/go/1.16.5/libexec/src/net/http/server.go:2887 +0xa3
net/http.(*conn).serve(0xc00018c0a0, 0x45a8120, 0xc000192200)
	/usr/local/Cellar/go/1.16.5/libexec/src/net/http/server.go:1952 +0x8cd
created by net/http.(*Server).Serve
	/usr/local/Cellar/go/1.16.5/libexec/src/net/http/server.go:3013 +0x39b
2022/02/05 01:45:24 server.go:3139: http: panic serving [::1]:59656: template: layout.html:12: function "templatetag" not defined
goroutine 39 [running]:
net/http.(*conn).serve.func1(0xc0000961e0)
	/usr/local/Cellar/go/1.16.5/libexec/src/net/http/server.go:1824 +0x153
panic(0x44c3160, 0xc000013440)
	/usr/local/Cellar/go/1.16.5/libexec/src/runtime/panic.go:971 +0x499
html/template.Must(...)
	/usr/local/Cellar/go/1.16.5/libexec/src/html/template/template.go:374
todo_app/app/controllers.generateHTML(0x45a7970, 0xc000152460, 0x44b2600, 0x459b840, 0xc0000a6ab8, 0x2, 0x2)
	/Users/nishikawamasahumi/go/src/todo_app/app/controllers/server.go:18 +0x2ce
todo_app/app/controllers.top(0x45a7970, 0xc000152460, 0xc0000b2400)
	/Users/nishikawamasahumi/go/src/todo_app/app/controllers/route_main.go:8 +0xa5
net/http.HandlerFunc.ServeHTTP(0x454b618, 0x45a7970, 0xc000152460, 0xc0000b2400)
	/usr/local/Cellar/go/1.16.5/libexec/src/net/http/server.go:2069 +0x44
net/http.(*ServeMux).ServeHTTP(0x47c6260, 0x45a7970, 0xc000152460, 0xc0000b2400)
	/usr/local/Cellar/go/1.16.5/libexec/src/net/http/server.go:2448 +0x1ad
net/http.serverHandler.ServeHTTP(0xc000152000, 0x45a7970, 0xc000152460, 0xc0000b2400)
	/usr/local/Cellar/go/1.16.5/libexec/src/net/http/server.go:2887 +0xa3
net/http.(*conn).serve(0xc0000961e0, 0x45a8120, 0xc0000aa2c0)
	/usr/local/Cellar/go/1.16.5/libexec/src/net/http/server.go:1952 +0x8cd
created by net/http.(*Server).Serve
	/usr/local/Cellar/go/1.16.5/libexec/src/net/http/server.go:3013 +0x39b
2022/02/05 01:45:24 server.go:3139: http: panic serving [::1]:59661: template: layout.html:12: function "templatetag" not defined
goroutine 24 [running]:
net/http.(*conn).serve.func1(0xc00018c140)
	/usr/local/Cellar/go/1.16.5/libexec/src/net/http/server.go:1824 +0x153
panic(0x44c3160, 0xc000013510)
	/usr/local/Cellar/go/1.16.5/libexec/src/runtime/panic.go:971 +0x499
html/template.Must(...)
	/usr/local/Cellar/go/1.16.5/libexec/src/html/template/template.go:374
todo_app/app/controllers.generateHTML(0x45a7970, 0xc000152540, 0x44b2600, 0x459b840, 0xc00004aab8, 0x2, 0x2)
	/Users/nishikawamasahumi/go/src/todo_app/app/controllers/server.go:18 +0x2ce
todo_app/app/controllers.top(0x45a7970, 0xc000152540, 0xc000198400)
	/Users/nishikawamasahumi/go/src/todo_app/app/controllers/route_main.go:8 +0xa5
net/http.HandlerFunc.ServeHTTP(0x454b618, 0x45a7970, 0xc000152540, 0xc000198400)
	/usr/local/Cellar/go/1.16.5/libexec/src/net/http/server.go:2069 +0x44
net/http.(*ServeMux).ServeHTTP(0x47c6260, 0x45a7970, 0xc000152540, 0xc000198400)
	/usr/local/Cellar/go/1.16.5/libexec/src/net/http/server.go:2448 +0x1ad
net/http.serverHandler.ServeHTTP(0xc000152000, 0x45a7970, 0xc000152540, 0xc000198400)
	/usr/local/Cellar/go/1.16.5/libexec/src/net/http/server.go:2887 +0xa3
net/http.(*conn).serve(0xc00018c140, 0x45a8120, 0xc000192380)
	/usr/local/Cellar/go/1.16.5/libexec/src/net/http/server.go:1952 +0x8cd
created by net/http.(*Server).Serve
	/usr/local/Cellar/go/1.16.5/libexec/src/net/http/server.go:3013 +0x39b
2022/02/05 01:45:24 server.go:3139: http: panic serving [::1]:59662: template: layout.html:12: function "templatetag" not defined
goroutine 25 [running]:
net/http.(*conn).serve.func1(0xc00018c1e0)
	/usr/local/Cellar/go/1.16.5/libexec/src/net/http/server.go:1824 +0x153
panic(0x44c3160, 0xc000194290)
	/usr/local/Cellar/go/1.16.5/libexec/src/runtime/panic.go:971 +0x499
html/template.Must(...)
	/usr/local/Cellar/go/1.16.5/libexec/src/html/template/template.go:374
todo_app/app/controllers.generateHTML(0x45a7970, 0xc0001ac1c0, 0x44b2600, 0x459b840, 0xc00004bab8, 0x2, 0x2)
	/Users/nishikawamasahumi/go/src/todo_app/app/controllers/server.go:18 +0x2ce
todo_app/app/controllers.top(0x45a7970, 0xc0001ac1c0, 0xc000198500)
	/Users/nishikawamasahumi/go/src/todo_app/app/controllers/route_main.go:8 +0xa5
net/http.HandlerFunc.ServeHTTP(0x454b618, 0x45a7970, 0xc0001ac1c0, 0xc000198500)
	/usr/local/Cellar/go/1.16.5/libexec/src/net/http/server.go:2069 +0x44
net/http.(*ServeMux).ServeHTTP(0x47c6260, 0x45a7970, 0xc0001ac1c0, 0xc000198500)
	/usr/local/Cellar/go/1.16.5/libexec/src/net/http/server.go:2448 +0x1ad
net/http.serverHandler.ServeHTTP(0xc000152000, 0x45a7970, 0xc0001ac1c0, 0xc000198500)
	/usr/local/Cellar/go/1.16.5/libexec/src/net/http/server.go:2887 +0xa3
net/http.(*conn).serve(0xc00018c1e0, 0x45a8120, 0xc000192400)
	/usr/local/Cellar/go/1.16.5/libexec/src/net/http/server.go:1952 +0x8cd
created by net/http.(*Server).Serve
	/usr/local/Cellar/go/1.16.5/libexec/src/net/http/server.go:3013 +0x39b
2022/02/05 01:45:27 server.go:3139: http: panic serving [::1]:59665: template: layout.html:12: function "templatetag" not defined
goroutine 40 [running]:
net/http.(*conn).serve.func1(0xc000096280)
	/usr/local/Cellar/go/1.16.5/libexec/src/net/http/server.go:1824 +0x153
panic(0x44c3160, 0xc0000ac1e0)
	/usr/local/Cellar/go/1.16.5/libexec/src/runtime/panic.go:971 +0x499
html/template.Must(...)
	/usr/local/Cellar/go/1.16.5/libexec/src/html/template/template.go:374
todo_app/app/controllers.generateHTML(0x45a7970, 0xc0000c80e0, 0x44b2600, 0x459b840, 0xc0000a6ab8, 0x2, 0x2)
	/Users/nishikawamasahumi/go/src/todo_app/app/controllers/server.go:18 +0x2ce
todo_app/app/controllers.top(0x45a7970, 0xc0000c80e0, 0xc0000b2600)
	/Users/nishikawamasahumi/go/src/todo_app/app/controllers/route_main.go:8 +0xa5
net/http.HandlerFunc.ServeHTTP(0x454b618, 0x45a7970, 0xc0000c80e0, 0xc0000b2600)
	/usr/local/Cellar/go/1.16.5/libexec/src/net/http/server.go:2069 +0x44
net/http.(*ServeMux).ServeHTTP(0x47c6260, 0x45a7970, 0xc0000c80e0, 0xc0000b2600)
	/usr/local/Cellar/go/1.16.5/libexec/src/net/http/server.go:2448 +0x1ad
net/http.serverHandler.ServeHTTP(0xc000152000, 0x45a7970, 0xc0000c80e0, 0xc0000b2600)
	/usr/local/Cellar/go/1.16.5/libexec/src/net/http/server.go:2887 +0xa3
net/http.(*conn).serve(0xc000096280, 0x45a8120, 0xc0000aa3c0)
	/usr/local/Cellar/go/1.16.5/libexec/src/net/http/server.go:1952 +0x8cd
created by net/http.(*Server).Serve
	/usr/local/Cellar/go/1.16.5/libexec/src/net/http/server.go:3013 +0x39b
2022/02/05 01:47:45 server.go:3139: http: panic serving [::1]:59743: template: layout.html:12: function "templatetag" not defined
goroutine 20 [running]:
net/http.(*conn).serve.func1(0xc000131360)
	/usr/local/Cellar/go/1.16.5/libexec/src/net/http/server.go:1824 +0x153
panic(0x44c3160, 0xc0001110f0)
	/usr/local/Cellar/go/1.16.5/libexec/src/runtime/panic.go:971 +0x499
html/template.Must(...)
	/usr/local/Cellar/go/1.16.5/libexec/src/html/template/template.go:374
todo_app/app/controllers.generateHTML(0x45a7970, 0xc0001880e0, 0x44b2600, 0x459b840, 0xc000048ab8, 0x2, 0x2)
	/Users/nishikawamasahumi/go/src/todo_app/app/controllers/server.go:18 +0x2ce
todo_app/app/controllers.top(0x45a7970, 0xc0001880e0, 0xc000180200)
	/Users/nishikawamasahumi/go/src/todo_app/app/controllers/route_main.go:8 +0xa5
net/http.HandlerFunc.ServeHTTP(0x454b618, 0x45a7970, 0xc0001880e0, 0xc000180200)
	/usr/local/Cellar/go/1.16.5/libexec/src/net/http/server.go:2069 +0x44
net/http.(*ServeMux).ServeHTTP(0x47c6260, 0x45a7970, 0xc0001880e0, 0xc000180200)
	/usr/local/Cellar/go/1.16.5/libexec/src/net/http/server.go:2448 +0x1ad
net/http.serverHandler.ServeHTTP(0xc000188000, 0x45a7970, 0xc0001880e0, 0xc000180200)
	/usr/local/Cellar/go/1.16.5/libexec/src/net/http/server.go:2887 +0xa3
net/http.(*conn).serve(0xc000131360, 0x45a8120, 0xc000150580)
	/usr/local/Cellar/go/1.16.5/libexec/src/net/http/server.go:1952 +0x8cd
created by net/http.(*Server).Serve
	/usr/local/Cellar/go/1.16.5/libexec/src/net/http/server.go:3013 +0x39b
2022/02/05 01:50:31 server.go:3139: http: panic serving [::1]:59835: template: layout.html:12: function "templatetag" not defined
goroutine 20 [running]:
net/http.(*conn).serve.func1(0xc0000c3360)
	/usr/local/Cellar/go/1.16.5/libexec/src/net/http/server.go:1824 +0x153
panic(0x44c3160, 0xc0000a30e0)
	/usr/local/Cellar/go/1.16.5/libexec/src/runtime/panic.go:971 +0x499
html/template.Must(...)
	/usr/local/Cellar/go/1.16.5/libexec/src/html/template/template.go:374
todo_app/app/controllers.generateHTML(0x45a7970, 0xc0001180e0, 0x44b2600, 0x459b840, 0xc00004dab8, 0x2, 0x2)
	/Users/nishikawamasahumi/go/src/todo_app/app/controllers/server.go:18 +0x2ce
todo_app/app/controllers.top(0x45a7970, 0xc0001180e0, 0xc000110200)
	/Users/nishikawamasahumi/go/src/todo_app/app/controllers/route_main.go:8 +0xa5
net/http.HandlerFunc.ServeHTTP(0x454b618, 0x45a7970, 0xc0001180e0, 0xc000110200)
	/usr/local/Cellar/go/1.16.5/libexec/src/net/http/server.go:2069 +0x44
net/http.(*ServeMux).ServeHTTP(0x47c6260, 0x45a7970, 0xc0001180e0, 0xc000110200)
	/usr/local/Cellar/go/1.16.5/libexec/src/net/http/server.go:2448 +0x1ad
net/http.serverHandler.ServeHTTP(0xc000118000, 0x45a7970, 0xc0001180e0, 0xc000110200)
	/usr/local/Cellar/go/1.16.5/libexec/src/net/http/server.go:2887 +0xa3
net/http.(*conn).serve(0xc0000c3360, 0x45a8120, 0xc000068040)
	/usr/local/Cellar/go/1.16.5/libexec/src/net/http/server.go:1952 +0x8cd
created by net/http.(*Server).Serve
	/usr/local/Cellar/go/1.16.5/libexec/src/net/http/server.go:3013 +0x39b
2022/02/05 01:50:31 server.go:3139: http: panic serving [::1]:59836: template: layout.html:12: function "templatetag" not defined
goroutine 21 [running]:
net/http.(*conn).serve.func1(0xc0000c3400)
	/usr/local/Cellar/go/1.16.5/libexec/src/net/http/server.go:1824 +0x153
panic(0x44c3160, 0xc0000120e0)
	/usr/local/Cellar/go/1.16.5/libexec/src/runtime/panic.go:971 +0x499
html/template.Must(...)
	/usr/local/Cellar/go/1.16.5/libexec/src/html/template/template.go:374
todo_app/app/controllers.generateHTML(0x45a7970, 0xc00007a000, 0x44b2600, 0x459b840, 0xc0000cbab8, 0x2, 0x2)
	/Users/nishikawamasahumi/go/src/todo_app/app/controllers/server.go:18 +0x2ce
todo_app/app/controllers.top(0x45a7970, 0xc00007a000, 0xc000110100)
	/Users/nishikawamasahumi/go/src/todo_app/app/controllers/route_main.go:8 +0xa5
net/http.HandlerFunc.ServeHTTP(0x454b618, 0x45a7970, 0xc00007a000, 0xc000110100)
	/usr/local/Cellar/go/1.16.5/libexec/src/net/http/server.go:2069 +0x44
net/http.(*ServeMux).ServeHTTP(0x47c6260, 0x45a7970, 0xc00007a000, 0xc000110100)
	/usr/local/Cellar/go/1.16.5/libexec/src/net/http/server.go:2448 +0x1ad
net/http.serverHandler.ServeHTTP(0xc000118000, 0x45a7970, 0xc00007a000, 0xc000110100)
	/usr/local/Cellar/go/1.16.5/libexec/src/net/http/server.go:2887 +0xa3
net/http.(*conn).serve(0xc0000c3400, 0x45a8120, 0xc0000e04c0)
	/usr/local/Cellar/go/1.16.5/libexec/src/net/http/server.go:1952 +0x8cd
created by net/http.(*Server).Serve
	/usr/local/Cellar/go/1.16.5/libexec/src/net/http/server.go:3013 +0x39b
2022/02/05 01:50:31 server.go:3139: http: panic serving [::1]:59837: template: layout.html:12: function "templatetag" not defined
goroutine 7 [running]:
net/http.(*conn).serve.func1(0xc00019c000)
	/usr/local/Cellar/go/1.16.5/libexec/src/net/http/server.go:1824 +0x153
panic(0x44c3160, 0xc0000a31b0)
	/usr/local/Cellar/go/1.16.5/libexec/src/runtime/panic.go:971 +0x499
html/template.Must(...)
	/usr/local/Cellar/go/1.16.5/libexec/src/html/template/template.go:374
todo_app/app/controllers.generateHTML(0x45a7970, 0xc0001181c0, 0x44b2600, 0x459b840, 0xc00004eab8, 0x2, 0x2)
	/Users/nishikawamasahumi/go/src/todo_app/app/controllers/server.go:18 +0x2ce
todo_app/app/controllers.top(0x45a7970, 0xc0001181c0, 0xc000072100)
	/Users/nishikawamasahumi/go/src/todo_app/app/controllers/route_main.go:8 +0xa5
net/http.HandlerFunc.ServeHTTP(0x454b618, 0x45a7970, 0xc0001181c0, 0xc000072100)
	/usr/local/Cellar/go/1.16.5/libexec/src/net/http/server.go:2069 +0x44
net/http.(*ServeMux).ServeHTTP(0x47c6260, 0x45a7970, 0xc0001181c0, 0xc000072100)
	/usr/local/Cellar/go/1.16.5/libexec/src/net/http/server.go:2448 +0x1ad
net/http.serverHandler.ServeHTTP(0xc000118000, 0x45a7970, 0xc0001181c0, 0xc000072100)
	/usr/local/Cellar/go/1.16.5/libexec/src/net/http/server.go:2887 +0xa3
net/http.(*conn).serve(0xc00019c000, 0x45a8120, 0xc0000681c0)
	/usr/local/Cellar/go/1.16.5/libexec/src/net/http/server.go:1952 +0x8cd
created by net/http.(*Server).Serve
	/usr/local/Cellar/go/1.16.5/libexec/src/net/http/server.go:3013 +0x39b
2022/02/05 21:00:03 server.go:3139: http: panic serving [::1]:63387: template: layout.html:12: function "templatetag" not defined
goroutine 7 [running]:
net/http.(*conn).serve.func1(0xc000107400)
	/usr/local/Cellar/go/1.16.5/libexec/src/net/http/server.go:1824 +0x153
panic(0x44c3160, 0xc000013100)
	/usr/local/Cellar/go/1.16.5/libexec/src/runtime/panic.go:971 +0x499
html/template.Must(...)
	/usr/local/Cellar/go/1.16.5/libexec/src/html/template/template.go:374
todo_app/app/controllers.generateHTML(0x45a7970, 0xc0001520e0, 0x44b2600, 0x459b840, 0xc000049ab8, 0x2, 0x2)
	/Users/nishikawamasahumi/go/src/todo_app/app/controllers/server.go:18 +0x2ce
todo_app/app/controllers.top(0x45a7970, 0xc0001520e0, 0xc00014a200)
	/Users/nishikawamasahumi/go/src/todo_app/app/controllers/route_main.go:8 +0xa5
net/http.HandlerFunc.ServeHTTP(0x454b618, 0x45a7970, 0xc0001520e0, 0xc00014a200)
	/usr/local/Cellar/go/1.16.5/libexec/src/net/http/server.go:2069 +0x44
net/http.(*ServeMux).ServeHTTP(0x47c6260, 0x45a7970, 0xc0001520e0, 0xc00014a200)
	/usr/local/Cellar/go/1.16.5/libexec/src/net/http/server.go:2448 +0x1ad
net/http.serverHandler.ServeHTTP(0xc000152000, 0x45a7970, 0xc0001520e0, 0xc00014a200)
	/usr/local/Cellar/go/1.16.5/libexec/src/net/http/server.go:2887 +0xa3
net/http.(*conn).serve(0xc000107400, 0x45a8120, 0xc000096000)
	/usr/local/Cellar/go/1.16.5/libexec/src/net/http/server.go:1952 +0x8cd
created by net/http.(*Server).Serve
	/usr/local/Cellar/go/1.16.5/libexec/src/net/http/server.go:3013 +0x39b
2022/02/05 21:00:33 server.go:3139: http: panic serving [::1]:63388: template: layout.html:12: function "templatetag" not defined
goroutine 8 [running]:
net/http.(*conn).serve.func1(0xc0001074a0)
	/usr/local/Cellar/go/1.16.5/libexec/src/net/http/server.go:1824 +0x153
panic(0x44c3160, 0xc0000131d0)
	/usr/local/Cellar/go/1.16.5/libexec/src/runtime/panic.go:971 +0x499
html/template.Must(...)
	/usr/local/Cellar/go/1.16.5/libexec/src/html/template/template.go:374
todo_app/app/controllers.generateHTML(0x45a7970, 0xc0001521c0, 0x44b2600, 0x459b840, 0xc00010fab8, 0x2, 0x2)
	/Users/nishikawamasahumi/go/src/todo_app/app/controllers/server.go:18 +0x2ce
todo_app/app/controllers.top(0x45a7970, 0xc0001521c0, 0xc00014a100)
	/Users/nishikawamasahumi/go/src/todo_app/app/controllers/route_main.go:8 +0xa5
net/http.HandlerFunc.ServeHTTP(0x454b618, 0x45a7970, 0xc0001521c0, 0xc00014a100)
	/usr/local/Cellar/go/1.16.5/libexec/src/net/http/server.go:2069 +0x44
net/http.(*ServeMux).ServeHTTP(0x47c6260, 0x45a7970, 0xc0001521c0, 0xc00014a100)
	/usr/local/Cellar/go/1.16.5/libexec/src/net/http/server.go:2448 +0x1ad
net/http.serverHandler.ServeHTTP(0xc000152000, 0x45a7970, 0xc0001521c0, 0xc00014a100)
	/usr/local/Cellar/go/1.16.5/libexec/src/net/http/server.go:2887 +0xa3
net/http.(*conn).serve(0xc0001074a0, 0x45a8120, 0xc000060500)
	/usr/local/Cellar/go/1.16.5/libexec/src/net/http/server.go:1952 +0x8cd
created by net/http.(*Server).Serve
	/usr/local/Cellar/go/1.16.5/libexec/src/net/http/server.go:3013 +0x39b
2022/02/05 21:00:33 server.go:3139: http: panic serving [::1]:63404: template: layout.html:12: function "templatetag" not defined
goroutine 18 [running]:
net/http.(*conn).serve.func1(0xc0000a2000)
	/usr/local/Cellar/go/1.16.5/libexec/src/net/http/server.go:1824 +0x153
panic(0x44c3160, 0xc00029c0b0)
	/usr/local/Cellar/go/1.16.5/libexec/src/runtime/panic.go:971 +0x499
html/template.Must(...)
	/usr/local/Cellar/go/1.16.5/libexec/src/html/template/template.go:374
todo_app/app/controllers.generateHTML(0x45a7970, 0xc0002a0000, 0x44b2600, 0x459b840, 0xc00004aab8, 0x2, 0x2)
	/Users/nishikawamasahumi/go/src/todo_app/app/controllers/server.go:18 +0x2ce
todo_app/app/controllers.top(0x45a7970, 0xc0002a0000, 0xc0000a6000)
	/Users/nishikawamasahumi/go/src/todo_app/app/controllers/route_main.go:8 +0xa5
net/http.HandlerFunc.ServeHTTP(0x454b618, 0x45a7970, 0xc0002a0000, 0xc0000a6000)
	/usr/local/Cellar/go/1.16.5/libexec/src/net/http/server.go:2069 +0x44
net/http.(*ServeMux).ServeHTTP(0x47c6260, 0x45a7970, 0xc0002a0000, 0xc0000a6000)
	/usr/local/Cellar/go/1.16.5/libexec/src/net/http/server.go:2448 +0x1ad
net/http.serverHandler.ServeHTTP(0xc000152000, 0x45a7970, 0xc0002a0000, 0xc0000a6000)
	/usr/local/Cellar/go/1.16.5/libexec/src/net/http/server.go:2887 +0xa3
net/http.(*conn).serve(0xc0000a2000, 0x45a8120, 0xc000096080)
	/usr/local/Cellar/go/1.16.5/libexec/src/net/http/server.go:1952 +0x8cd
created by net/http.(*Server).Serve
	/usr/local/Cellar/go/1.16.5/libexec/src/net/http/server.go:3013 +0x39b
2022/02/05 21:00:33 server.go:3139: http: panic serving [::1]:63405: template: layout.html:12: function "templatetag" not defined
goroutine 50 [running]:
net/http.(*conn).serve.func1(0xc00020c000)
	/usr/local/Cellar/go/1.16.5/libexec/src/net/http/server.go:1824 +0x153
panic(0x44c3160, 0xc00021a0c0)
	/usr/local/Cellar/go/1.16.5/libexec/src/runtime/panic.go:971 +0x499
html/template.Must(...)
	/usr/local/Cellar/go/1.16.5/libexec/src/html/template/template.go:374
todo_app/app/controllers.generateHTML(0x45a7970, 0xc000234000, 0x44b2600, 0x459b840, 0xc000212ab8, 0x2, 0x2)
	/Users/nishikawamasahumi/go/src/todo_app/app/controllers/server.go:18 +0x2ce
todo_app/app/controllers.top(0x45a7970, 0xc000234000, 0xc00021c000)
	/Users/nishikawamasahumi/go/src/todo_app/app/controllers/route_main.go:8 +0xa5
net/http.HandlerFunc.ServeHTTP(0x454b618, 0x45a7970, 0xc000234000, 0xc00021c000)
	/usr/local/Cellar/go/1.16.5/libexec/src/net/http/server.go:2069 +0x44
net/http.(*ServeMux).ServeHTTP(0x47c6260, 0x45a7970, 0xc000234000, 0xc00021c000)
	/usr/local/Cellar/go/1.16.5/libexec/src/net/http/server.go:2448 +0x1ad
net/http.serverHandler.ServeHTTP(0xc000152000, 0x45a7970, 0xc000234000, 0xc00021c000)
	/usr/local/Cellar/go/1.16.5/libexec/src/net/http/server.go:2887 +0xa3
net/http.(*conn).serve(0xc00020c000, 0x45a8120, 0xc000218000)
	/usr/local/Cellar/go/1.16.5/libexec/src/net/http/server.go:1952 +0x8cd
created by net/http.(*Server).Serve
	/usr/local/Cellar/go/1.16.5/libexec/src/net/http/server.go:3013 +0x39b
2022/02/09 03:18:53 server.go:3139: http: panic serving [::1]:63879: open app/views/templates/public_navber.html: no such file or directory
goroutine 20 [running]:
net/http.(*conn).serve.func1(0xc0000bb360)
	/usr/local/Cellar/go/1.16.5/libexec/src/net/http/server.go:1824 +0x153
panic(0x44da540, 0xc00018b050)
	/usr/local/Cellar/go/1.16.5/libexec/src/runtime/panic.go:971 +0x499
html/template.Must(...)
	/usr/local/Cellar/go/1.16.5/libexec/src/html/template/template.go:374
todo_app/app/controllers.generateHTML(0x45ad010, 0xc0001d80e0, 0x0, 0x0, 0xc0001a3aa8, 0x3, 0x3)
	/Users/nishikawamasahumi/go/src/todo_app/app/controllers/server.go:18 +0x2ce
todo_app/app/controllers.login(0x45ad010, 0xc0001d80e0, 0xc000194300)
	/Users/nishikawamasahumi/go/src/todo_app/app/controllers/route_auth.go:31 +0xae
net/http.HandlerFunc.ServeHTTP(0x4550788, 0x45ad010, 0xc0001d80e0, 0xc000194300)
	/usr/local/Cellar/go/1.16.5/libexec/src/net/http/server.go:2069 +0x44
net/http.(*ServeMux).ServeHTTP(0x47ce2c0, 0x45ad010, 0xc0001d80e0, 0xc000194300)
	/usr/local/Cellar/go/1.16.5/libexec/src/net/http/server.go:2448 +0x1ad
net/http.serverHandler.ServeHTTP(0xc000110000, 0x45ad010, 0xc0001d80e0, 0xc000194300)
	/usr/local/Cellar/go/1.16.5/libexec/src/net/http/server.go:2887 +0xa3
net/http.(*conn).serve(0xc0000bb360, 0x45ad7c0, 0xc00018c000)
	/usr/local/Cellar/go/1.16.5/libexec/src/net/http/server.go:1952 +0x8cd
created by net/http.(*Server).Serve
	/usr/local/Cellar/go/1.16.5/libexec/src/net/http/server.go:3013 +0x39b
2022/02/09 03:18:53 server.go:3139: http: panic serving [::1]:63880: open app/views/templates/public_navber.html: no such file or directory
goroutine 21 [running]:
net/http.(*conn).serve.func1(0xc0000bb400)
	/usr/local/Cellar/go/1.16.5/libexec/src/net/http/server.go:1824 +0x153
panic(0x44da540, 0xc00006e4b0)
	/usr/local/Cellar/go/1.16.5/libexec/src/runtime/panic.go:971 +0x499
html/template.Must(...)
	/usr/local/Cellar/go/1.16.5/libexec/src/html/template/template.go:374
todo_app/app/controllers.generateHTML(0x45ad010, 0xc00007e000, 0x0, 0x0, 0xc0000c3aa8, 0x3, 0x3)
	/Users/nishikawamasahumi/go/src/todo_app/app/controllers/server.go:18 +0x2ce
todo_app/app/controllers.login(0x45ad010, 0xc00007e000, 0xc000102100)
	/Users/nishikawamasahumi/go/src/todo_app/app/controllers/route_auth.go:31 +0xae
net/http.HandlerFunc.ServeHTTP(0x4550788, 0x45ad010, 0xc00007e000, 0xc000102100)
	/usr/local/Cellar/go/1.16.5/libexec/src/net/http/server.go:2069 +0x44
net/http.(*ServeMux).ServeHTTP(0x47ce2c0, 0x45ad010, 0xc00007e000, 0xc000102100)
	/usr/local/Cellar/go/1.16.5/libexec/src/net/http/server.go:2448 +0x1ad
net/http.serverHandler.ServeHTTP(0xc000110000, 0x45ad010, 0xc00007e000, 0xc000102100)
	/usr/local/Cellar/go/1.16.5/libexec/src/net/http/server.go:2887 +0xa3
net/http.(*conn).serve(0xc0000bb400, 0x45ad7c0, 0xc0000d84c0)
	/usr/local/Cellar/go/1.16.5/libexec/src/net/http/server.go:1952 +0x8cd
created by net/http.(*Server).Serve
	/usr/local/Cellar/go/1.16.5/libexec/src/net/http/server.go:3013 +0x39b
2022/02/09 03:18:53 server.go:3139: http: panic serving [::1]:63905: open app/views/templates/public_navber.html: no such file or directory
goroutine 39 [running]:
net/http.(*conn).serve.func1(0xc0001c0140)
	/usr/local/Cellar/go/1.16.5/libexec/src/net/http/server.go:1824 +0x153
panic(0x44da540, 0xc00018b590)
	/usr/local/Cellar/go/1.16.5/libexec/src/runtime/panic.go:971 +0x499
html/template.Must(...)
	/usr/local/Cellar/go/1.16.5/libexec/src/html/template/template.go:374
todo_app/app/controllers.generateHTML(0x45ad010, 0xc0001d81c0, 0x0, 0x0, 0xc000185aa8, 0x3, 0x3)
	/Users/nishikawamasahumi/go/src/todo_app/app/controllers/server.go:18 +0x2ce
todo_app/app/controllers.login(0x45ad010, 0xc0001d81c0, 0xc000194400)
	/Users/nishikawamasahumi/go/src/todo_app/app/controllers/route_auth.go:31 +0xae
net/http.HandlerFunc.ServeHTTP(0x4550788, 0x45ad010, 0xc0001d81c0, 0xc000194400)
	/usr/local/Cellar/go/1.16.5/libexec/src/net/http/server.go:2069 +0x44
net/http.(*ServeMux).ServeHTTP(0x47ce2c0, 0x45ad010, 0xc0001d81c0, 0xc000194400)
	/usr/local/Cellar/go/1.16.5/libexec/src/net/http/server.go:2448 +0x1ad
net/http.serverHandler.ServeHTTP(0xc000110000, 0x45ad010, 0xc0001d81c0, 0xc000194400)
	/usr/local/Cellar/go/1.16.5/libexec/src/net/http/server.go:2887 +0xa3
net/http.(*conn).serve(0xc0001c0140, 0x45ad7c0, 0xc00018c6c0)
	/usr/local/Cellar/go/1.16.5/libexec/src/net/http/server.go:1952 +0x8cd
created by net/http.(*Server).Serve
	/usr/local/Cellar/go/1.16.5/libexec/src/net/http/server.go:3013 +0x39b
2022/02/09 03:18:54 server.go:3139: http: panic serving [::1]:63906: open app/views/templates/public_navber.html: no such file or directory
goroutine 42 [running]:
net/http.(*conn).serve.func1(0xc0001c01e0)
	/usr/local/Cellar/go/1.16.5/libexec/src/net/http/server.go:1824 +0x153
panic(0x44da540, 0xc00018bad0)
	/usr/local/Cellar/go/1.16.5/libexec/src/runtime/panic.go:971 +0x499
html/template.Must(...)
	/usr/local/Cellar/go/1.16.5/libexec/src/html/template/template.go:374
todo_app/app/controllers.generateHTML(0x45ad010, 0xc0001d82a0, 0x0, 0x0, 0xc000185aa8, 0x3, 0x3)
	/Users/nishikawamasahumi/go/src/todo_app/app/controllers/server.go:18 +0x2ce
todo_app/app/controllers.login(0x45ad010, 0xc0001d82a0, 0xc000194500)
	/Users/nishikawamasahumi/go/src/todo_app/app/controllers/route_auth.go:31 +0xae
net/http.HandlerFunc.ServeHTTP(0x4550788, 0x45ad010, 0xc0001d82a0, 0xc000194500)
	/usr/local/Cellar/go/1.16.5/libexec/src/net/http/server.go:2069 +0x44
net/http.(*ServeMux).ServeHTTP(0x47ce2c0, 0x45ad010, 0xc0001d82a0, 0xc000194500)
	/usr/local/Cellar/go/1.16.5/libexec/src/net/http/server.go:2448 +0x1ad
net/http.serverHandler.ServeHTTP(0xc000110000, 0x45ad010, 0xc0001d82a0, 0xc000194500)
	/usr/local/Cellar/go/1.16.5/libexec/src/net/http/server.go:2887 +0xa3
net/http.(*conn).serve(0xc0001c01e0, 0x45ad7c0, 0xc00018c9c0)
	/usr/local/Cellar/go/1.16.5/libexec/src/net/http/server.go:1952 +0x8cd
created by net/http.(*Server).Serve
	/usr/local/Cellar/go/1.16.5/libexec/src/net/http/server.go:3013 +0x39b
2022/02/09 03:19:15 server.go:3139: http: panic serving [::1]:63923: open app/views/templates/public_navber.html: no such file or directory
goroutine 5 [running]:
net/http.(*conn).serve.func1(0xc000105400)
	/usr/local/Cellar/go/1.16.5/libexec/src/net/http/server.go:1824 +0x153
panic(0x44da540, 0xc000073b30)
	/usr/local/Cellar/go/1.16.5/libexec/src/runtime/panic.go:971 +0x499
html/template.Must(...)
	/usr/local/Cellar/go/1.16.5/libexec/src/html/template/template.go:374
todo_app/app/controllers.generateHTML(0x45ad010, 0xc0001520e0, 0x0, 0x0, 0xc00010daa8, 0x3, 0x3)
	/Users/nishikawamasahumi/go/src/todo_app/app/controllers/server.go:18 +0x2ce
todo_app/app/controllers.login(0x45ad010, 0xc0001520e0, 0xc000144100)
	/Users/nishikawamasahumi/go/src/todo_app/app/controllers/route_auth.go:31 +0xae
net/http.HandlerFunc.ServeHTTP(0x4550788, 0x45ad010, 0xc0001520e0, 0xc000144100)
	/usr/local/Cellar/go/1.16.5/libexec/src/net/http/server.go:2069 +0x44
net/http.(*ServeMux).ServeHTTP(0x47ce2c0, 0x45ad010, 0xc0001520e0, 0xc000144100)
	/usr/local/Cellar/go/1.16.5/libexec/src/net/http/server.go:2448 +0x1ad
net/http.serverHandler.ServeHTTP(0xc000152000, 0x45ad010, 0xc0001520e0, 0xc000144100)
	/usr/local/Cellar/go/1.16.5/libexec/src/net/http/server.go:2887 +0xa3
net/http.(*conn).serve(0xc000105400, 0x45ad7c0, 0xc00011e4c0)
	/usr/local/Cellar/go/1.16.5/libexec/src/net/http/server.go:1952 +0x8cd
created by net/http.(*Server).Serve
	/usr/local/Cellar/go/1.16.5/libexec/src/net/http/server.go:3013 +0x39b
2022/02/09 03:19:20 server.go:3139: http: panic serving [::1]:63924: open app/views/templates/public_navber.html: no such file or directory
goroutine 20 [running]:
net/http.(*conn).serve.func1(0xc00009e000)
	/usr/local/Cellar/go/1.16.5/libexec/src/net/http/server.go:1824 +0x153
panic(0x44da540, 0xc00009a630)
	/usr/local/Cellar/go/1.16.5/libexec/src/runtime/panic.go:971 +0x499
html/template.Must(...)
	/usr/local/Cellar/go/1.16.5/libexec/src/html/template/template.go:374
todo_app/app/controllers.generateHTML(0x45ad010, 0xc0000ba000, 0x0, 0x0, 0xc000048aa8, 0x3, 0x3)
	/Users/nishikawamasahumi/go/src/todo_app/app/controllers/server.go:18 +0x2ce
todo_app/app/controllers.login(0x45ad010, 0xc0000ba000, 0xc0000a6000)
	/Users/nishikawamasahumi/go/src/todo_app/app/controllers/route_auth.go:31 +0xae
net/http.HandlerFunc.ServeHTTP(0x4550788, 0x45ad010, 0xc0000ba000, 0xc0000a6000)
	/usr/local/Cellar/go/1.16.5/libexec/src/net/http/server.go:2069 +0x44
net/http.(*ServeMux).ServeHTTP(0x47ce2c0, 0x45ad010, 0xc0000ba000, 0xc0000a6000)
	/usr/local/Cellar/go/1.16.5/libexec/src/net/http/server.go:2448 +0x1ad
net/http.serverHandler.ServeHTTP(0xc000152000, 0x45ad010, 0xc0000ba000, 0xc0000a6000)
	/usr/local/Cellar/go/1.16.5/libexec/src/net/http/server.go:2887 +0xa3
net/http.(*conn).serve(0xc00009e000, 0x45ad7c0, 0xc000090040)
	/usr/local/Cellar/go/1.16.5/libexec/src/net/http/server.go:1952 +0x8cd
created by net/http.(*Server).Serve
	/usr/local/Cellar/go/1.16.5/libexec/src/net/http/server.go:3013 +0x39b
2022/02/09 03:19:20 server.go:3139: http: panic serving [::1]:63927: open app/views/templates/public_navber.html: no such file or directory
goroutine 21 [running]:
net/http.(*conn).serve.func1(0xc00009e0a0)
	/usr/local/Cellar/go/1.16.5/libexec/src/net/http/server.go:1824 +0x153
panic(0x44da540, 0xc00009aae0)
	/usr/local/Cellar/go/1.16.5/libexec/src/runtime/panic.go:971 +0x499
html/template.Must(...)
	/usr/local/Cellar/go/1.16.5/libexec/src/html/template/template.go:374
todo_app/app/controllers.generateHTML(0x45ad010, 0xc0000ba0e0, 0x0, 0x0, 0xc000049aa8, 0x3, 0x3)
	/Users/nishikawamasahumi/go/src/todo_app/app/controllers/server.go:18 +0x2ce
todo_app/app/controllers.login(0x45ad010, 0xc0000ba0e0, 0xc0000a6100)
	/Users/nishikawamasahumi/go/src/todo_app/app/controllers/route_auth.go:31 +0xae
net/http.HandlerFunc.ServeHTTP(0x4550788, 0x45ad010, 0xc0000ba0e0, 0xc0000a6100)
	/usr/local/Cellar/go/1.16.5/libexec/src/net/http/server.go:2069 +0x44
net/http.(*ServeMux).ServeHTTP(0x47ce2c0, 0x45ad010, 0xc0000ba0e0, 0xc0000a6100)
	/usr/local/Cellar/go/1.16.5/libexec/src/net/http/server.go:2448 +0x1ad
net/http.serverHandler.ServeHTTP(0xc000152000, 0x45ad010, 0xc0000ba0e0, 0xc0000a6100)
	/usr/local/Cellar/go/1.16.5/libexec/src/net/http/server.go:2887 +0xa3
net/http.(*conn).serve(0xc00009e0a0, 0x45ad7c0, 0xc000090100)
	/usr/local/Cellar/go/1.16.5/libexec/src/net/http/server.go:1952 +0x8cd
created by net/http.(*Server).Serve
	/usr/local/Cellar/go/1.16.5/libexec/src/net/http/server.go:3013 +0x39b
2022/02/09 03:19:20 server.go:3139: http: panic serving [::1]:63928: open app/views/templates/public_navber.html: no such file or directory
goroutine 26 [running]:
net/http.(*conn).serve.func1(0xc00009e140)
	/usr/local/Cellar/go/1.16.5/libexec/src/net/http/server.go:1824 +0x153
panic(0x44da540, 0xc000200060)
	/usr/local/Cellar/go/1.16.5/libexec/src/runtime/panic.go:971 +0x499
html/template.Must(...)
	/usr/local/Cellar/go/1.16.5/libexec/src/html/template/template.go:374
todo_app/app/controllers.generateHTML(0x45ad010, 0xc0001521c0, 0x0, 0x0, 0xc000049aa8, 0x3, 0x3)
	/Users/nishikawamasahumi/go/src/todo_app/app/controllers/server.go:18 +0x2ce
todo_app/app/controllers.login(0x45ad010, 0xc0001521c0, 0xc0000a6400)
	/Users/nishikawamasahumi/go/src/todo_app/app/controllers/route_auth.go:31 +0xae
net/http.HandlerFunc.ServeHTTP(0x4550788, 0x45ad010, 0xc0001521c0, 0xc0000a6400)
	/usr/local/Cellar/go/1.16.5/libexec/src/net/http/server.go:2069 +0x44
net/http.(*ServeMux).ServeHTTP(0x47ce2c0, 0x45ad010, 0xc0001521c0, 0xc0000a6400)
	/usr/local/Cellar/go/1.16.5/libexec/src/net/http/server.go:2448 +0x1ad
net/http.serverHandler.ServeHTTP(0xc000152000, 0x45ad010, 0xc0001521c0, 0xc0000a6400)
	/usr/local/Cellar/go/1.16.5/libexec/src/net/http/server.go:2887 +0xa3
net/http.(*conn).serve(0xc00009e140, 0x45ad7c0, 0xc0000906c0)
	/usr/local/Cellar/go/1.16.5/libexec/src/net/http/server.go:1952 +0x8cd
created by net/http.(*Server).Serve
	/usr/local/Cellar/go/1.16.5/libexec/src/net/http/server.go:3013 +0x39b
2022/02/09 03:19:41 server.go:3139: http: panic serving [::1]:63931: open app/views/templates/public_navber.html: no such file or directory
goroutine 27 [running]:
net/http.(*conn).serve.func1(0xc00009e1e0)
	/usr/local/Cellar/go/1.16.5/libexec/src/net/http/server.go:1824 +0x153
panic(0x44da540, 0xc0002004b0)
	/usr/local/Cellar/go/1.16.5/libexec/src/runtime/panic.go:971 +0x499
html/template.Must(...)
	/usr/local/Cellar/go/1.16.5/libexec/src/html/template/template.go:374
todo_app/app/controllers.generateHTML(0x45ad010, 0xc0001522a0, 0x0, 0x0, 0xc0000e7aa8, 0x3, 0x3)
	/Users/nishikawamasahumi/go/src/todo_app/app/controllers/server.go:18 +0x2ce
todo_app/app/controllers.login(0x45ad010, 0xc0001522a0, 0xc0000a6800)
	/Users/nishikawamasahumi/go/src/todo_app/app/controllers/route_auth.go:31 +0xae
net/http.HandlerFunc.ServeHTTP(0x4550788, 0x45ad010, 0xc0001522a0, 0xc0000a6800)
	/usr/local/Cellar/go/1.16.5/libexec/src/net/http/server.go:2069 +0x44
net/http.(*ServeMux).ServeHTTP(0x47ce2c0, 0x45ad010, 0xc0001522a0, 0xc0000a6800)
	/usr/local/Cellar/go/1.16.5/libexec/src/net/http/server.go:2448 +0x1ad
net/http.serverHandler.ServeHTTP(0xc000152000, 0x45ad010, 0xc0001522a0, 0xc0000a6800)
	/usr/local/Cellar/go/1.16.5/libexec/src/net/http/server.go:2887 +0xa3
net/http.(*conn).serve(0xc00009e1e0, 0x45ad7c0, 0xc0000907c0)
	/usr/local/Cellar/go/1.16.5/libexec/src/net/http/server.go:1952 +0x8cd
created by net/http.(*Server).Serve
	/usr/local/Cellar/go/1.16.5/libexec/src/net/http/server.go:3013 +0x39b
2022/02/09 03:19:41 server.go:3139: http: panic serving [::1]:63932: open app/views/templates/public_navber.html: no such file or directory
goroutine 28 [running]:
net/http.(*conn).serve.func1(0xc00009e280)
	/usr/local/Cellar/go/1.16.5/libexec/src/net/http/server.go:1824 +0x153
panic(0x44da540, 0xc000306450)
	/usr/local/Cellar/go/1.16.5/libexec/src/runtime/panic.go:971 +0x499
html/template.Must(...)
	/usr/local/Cellar/go/1.16.5/libexec/src/html/template/template.go:374
todo_app/app/controllers.generateHTML(0x45ad010, 0xc000320000, 0x0, 0x0, 0xc000048aa8, 0x3, 0x3)
	/Users/nishikawamasahumi/go/src/todo_app/app/controllers/server.go:18 +0x2ce
todo_app/app/controllers.login(0x45ad010, 0xc000320000, 0xc0000a6500)
	/Users/nishikawamasahumi/go/src/todo_app/app/controllers/route_auth.go:31 +0xae
net/http.HandlerFunc.ServeHTTP(0x4550788, 0x45ad010, 0xc000320000, 0xc0000a6500)
	/usr/local/Cellar/go/1.16.5/libexec/src/net/http/server.go:2069 +0x44
net/http.(*ServeMux).ServeHTTP(0x47ce2c0, 0x45ad010, 0xc000320000, 0xc0000a6500)
	/usr/local/Cellar/go/1.16.5/libexec/src/net/http/server.go:2448 +0x1ad
net/http.serverHandler.ServeHTTP(0xc000152000, 0x45ad010, 0xc000320000, 0xc0000a6500)
	/usr/local/Cellar/go/1.16.5/libexec/src/net/http/server.go:2887 +0xa3
net/http.(*conn).serve(0xc00009e280, 0x45ad7c0, 0xc000090740)
	/usr/local/Cellar/go/1.16.5/libexec/src/net/http/server.go:1952 +0x8cd
created by net/http.(*Server).Serve
	/usr/local/Cellar/go/1.16.5/libexec/src/net/http/server.go:3013 +0x39b
2022/02/09 03:19:41 server.go:3139: http: panic serving [::1]:63941: open app/views/templates/public_navber.html: no such file or directory
goroutine 33 [running]:
net/http.(*conn).serve.func1(0xc00009e460)
	/usr/local/Cellar/go/1.16.5/libexec/src/net/http/server.go:1824 +0x153
panic(0x44da540, 0xc000306900)
	/usr/local/Cellar/go/1.16.5/libexec/src/runtime/panic.go:971 +0x499
html/template.Must(...)
	/usr/local/Cellar/go/1.16.5/libexec/src/html/template/template.go:374
todo_app/app/controllers.generateHTML(0x45ad010, 0xc0003200e0, 0x0, 0x0, 0xc00004aaa8, 0x3, 0x3)
	/Users/nishikawamasahumi/go/src/todo_app/app/controllers/server.go:18 +0x2ce
todo_app/app/controllers.login(0x45ad010, 0xc0003200e0, 0xc0000a6900)
	/Users/nishikawamasahumi/go/src/todo_app/app/controllers/route_auth.go:31 +0xae
net/http.HandlerFunc.ServeHTTP(0x4550788, 0x45ad010, 0xc0003200e0, 0xc0000a6900)
	/usr/local/Cellar/go/1.16.5/libexec/src/net/http/server.go:2069 +0x44
net/http.(*ServeMux).ServeHTTP(0x47ce2c0, 0x45ad010, 0xc0003200e0, 0xc0000a6900)
	/usr/local/Cellar/go/1.16.5/libexec/src/net/http/server.go:2448 +0x1ad
net/http.serverHandler.ServeHTTP(0xc000152000, 0x45ad010, 0xc0003200e0, 0xc0000a6900)
	/usr/local/Cellar/go/1.16.5/libexec/src/net/http/server.go:2887 +0xa3
net/http.(*conn).serve(0xc00009e460, 0x45ad7c0, 0xc000090d80)
	/usr/local/Cellar/go/1.16.5/libexec/src/net/http/server.go:1952 +0x8cd
created by net/http.(*Server).Serve
	/usr/local/Cellar/go/1.16.5/libexec/src/net/http/server.go:3013 +0x39b
2022/02/09 03:19:42 server.go:3139: http: panic serving [::1]:63942: open app/views/templates/public_navber.html: no such file or directory
goroutine 38 [running]:
net/http.(*conn).serve.func1(0xc000374000)
	/usr/local/Cellar/go/1.16.5/libexec/src/net/http/server.go:1824 +0x153
panic(0x44da540, 0xc000200930)
	/usr/local/Cellar/go/1.16.5/libexec/src/runtime/panic.go:971 +0x499
html/template.Must(...)
	/usr/local/Cellar/go/1.16.5/libexec/src/html/template/template.go:374
todo_app/app/controllers.generateHTML(0x45ad010, 0xc000152380, 0x0, 0x0, 0xc00004aaa8, 0x3, 0x3)
	/Users/nishikawamasahumi/go/src/todo_app/app/controllers/server.go:18 +0x2ce
todo_app/app/controllers.login(0x45ad010, 0xc000152380, 0xc000376000)
	/Users/nishikawamasahumi/go/src/todo_app/app/controllers/route_auth.go:31 +0xae
net/http.HandlerFunc.ServeHTTP(0x4550788, 0x45ad010, 0xc000152380, 0xc000376000)
	/usr/local/Cellar/go/1.16.5/libexec/src/net/http/server.go:2069 +0x44
net/http.(*ServeMux).ServeHTTP(0x47ce2c0, 0x45ad010, 0xc000152380, 0xc000376000)
	/usr/local/Cellar/go/1.16.5/libexec/src/net/http/server.go:2448 +0x1ad
net/http.serverHandler.ServeHTTP(0xc000152000, 0x45ad010, 0xc000152380, 0xc000376000)
	/usr/local/Cellar/go/1.16.5/libexec/src/net/http/server.go:2887 +0xa3
net/http.(*conn).serve(0xc000374000, 0x45ad7c0, 0xc000318500)
	/usr/local/Cellar/go/1.16.5/libexec/src/net/http/server.go:1952 +0x8cd
created by net/http.(*Server).Serve
	/usr/local/Cellar/go/1.16.5/libexec/src/net/http/server.go:3013 +0x39b
2022/02/09 03:19:47 server.go:3139: http: panic serving [::1]:63943: open app/views/templates/public_navber.html: no such file or directory
goroutine 39 [running]:
net/http.(*conn).serve.func1(0xc0003740a0)
	/usr/local/Cellar/go/1.16.5/libexec/src/net/http/server.go:1824 +0x153
panic(0x44da540, 0xc0001844b0)
	/usr/local/Cellar/go/1.16.5/libexec/src/runtime/panic.go:971 +0x499
html/template.Must(...)
	/usr/local/Cellar/go/1.16.5/libexec/src/html/template/template.go:374
todo_app/app/controllers.generateHTML(0x45ad010, 0xc0001a6000, 0x0, 0x0, 0xc000048aa8, 0x3, 0x3)
	/Users/nishikawamasahumi/go/src/todo_app/app/controllers/server.go:18 +0x2ce
todo_app/app/controllers.login(0x45ad010, 0xc0001a6000, 0xc000376100)
	/Users/nishikawamasahumi/go/src/todo_app/app/controllers/route_auth.go:31 +0xae
net/http.HandlerFunc.ServeHTTP(0x4550788, 0x45ad010, 0xc0001a6000, 0xc000376100)
	/usr/local/Cellar/go/1.16.5/libexec/src/net/http/server.go:2069 +0x44
net/http.(*ServeMux).ServeHTTP(0x47ce2c0, 0x45ad010, 0xc0001a6000, 0xc000376100)
	/usr/local/Cellar/go/1.16.5/libexec/src/net/http/server.go:2448 +0x1ad
net/http.serverHandler.ServeHTTP(0xc000152000, 0x45ad010, 0xc0001a6000, 0xc000376100)
	/usr/local/Cellar/go/1.16.5/libexec/src/net/http/server.go:2887 +0xa3
net/http.(*conn).serve(0xc0003740a0, 0x45ad7c0, 0xc000318580)
	/usr/local/Cellar/go/1.16.5/libexec/src/net/http/server.go:1952 +0x8cd
created by net/http.(*Server).Serve
	/usr/local/Cellar/go/1.16.5/libexec/src/net/http/server.go:3013 +0x39b
2022/02/09 03:19:47 server.go:3139: http: panic serving [::1]:63948: open app/views/templates/public_navber.html: no such file or directory
goroutine 14 [running]:
net/http.(*conn).serve.func1(0xc0001054a0)
	/usr/local/Cellar/go/1.16.5/libexec/src/net/http/server.go:1824 +0x153
panic(0x44da540, 0xc000306f00)
	/usr/local/Cellar/go/1.16.5/libexec/src/runtime/panic.go:971 +0x499
html/template.Must(...)
	/usr/local/Cellar/go/1.16.5/libexec/src/html/template/template.go:374
todo_app/app/controllers.generateHTML(0x45ad010, 0xc0003201c0, 0x0, 0x0, 0xc00004aaa8, 0x3, 0x3)
	/Users/nishikawamasahumi/go/src/todo_app/app/controllers/server.go:18 +0x2ce
todo_app/app/controllers.login(0x45ad010, 0xc0003201c0, 0xc000144500)
	/Users/nishikawamasahumi/go/src/todo_app/app/controllers/route_auth.go:31 +0xae
net/http.HandlerFunc.ServeHTTP(0x4550788, 0x45ad010, 0xc0003201c0, 0xc000144500)
	/usr/local/Cellar/go/1.16.5/libexec/src/net/http/server.go:2069 +0x44
net/http.(*ServeMux).ServeHTTP(0x47ce2c0, 0x45ad010, 0xc0003201c0, 0xc000144500)
	/usr/local/Cellar/go/1.16.5/libexec/src/net/http/server.go:2448 +0x1ad
net/http.serverHandler.ServeHTTP(0xc000152000, 0x45ad010, 0xc0003201c0, 0xc000144500)
	/usr/local/Cellar/go/1.16.5/libexec/src/net/http/server.go:2887 +0xa3
net/http.(*conn).serve(0xc0001054a0, 0x45ad7c0, 0xc00011efc0)
	/usr/local/Cellar/go/1.16.5/libexec/src/net/http/server.go:1952 +0x8cd
created by net/http.(*Server).Serve
	/usr/local/Cellar/go/1.16.5/libexec/src/net/http/server.go:3013 +0x39b
2022/02/09 03:19:47 server.go:3139: http: panic serving [::1]:63949: open app/views/templates/public_navber.html: no such file or directory
goroutine 42 [running]:
net/http.(*conn).serve.func1(0xc000374140)
	/usr/local/Cellar/go/1.16.5/libexec/src/net/http/server.go:1824 +0x153
panic(0x44da540, 0xc000200e70)
	/usr/local/Cellar/go/1.16.5/libexec/src/runtime/panic.go:971 +0x499
html/template.Must(...)
	/usr/local/Cellar/go/1.16.5/libexec/src/html/template/template.go:374
todo_app/app/controllers.generateHTML(0x45ad010, 0xc000152460, 0x0, 0x0, 0xc00004aaa8, 0x3, 0x3)
	/Users/nishikawamasahumi/go/src/todo_app/app/controllers/server.go:18 +0x2ce
todo_app/app/controllers.login(0x45ad010, 0xc000152460, 0xc000376300)
	/Users/nishikawamasahumi/go/src/todo_app/app/controllers/route_auth.go:31 +0xae
net/http.HandlerFunc.ServeHTTP(0x4550788, 0x45ad010, 0xc000152460, 0xc000376300)
	/usr/local/Cellar/go/1.16.5/libexec/src/net/http/server.go:2069 +0x44
net/http.(*ServeMux).ServeHTTP(0x47ce2c0, 0x45ad010, 0xc000152460, 0xc000376300)
	/usr/local/Cellar/go/1.16.5/libexec/src/net/http/server.go:2448 +0x1ad
net/http.serverHandler.ServeHTTP(0xc000152000, 0x45ad010, 0xc000152460, 0xc000376300)
	/usr/local/Cellar/go/1.16.5/libexec/src/net/http/server.go:2887 +0xa3
net/http.(*conn).serve(0xc000374140, 0x45ad7c0, 0xc000318880)
	/usr/local/Cellar/go/1.16.5/libexec/src/net/http/server.go:1952 +0x8cd
created by net/http.(*Server).Serve
	/usr/local/Cellar/go/1.16.5/libexec/src/net/http/server.go:3013 +0x39b
2022/02/09 03:20:18 server.go:3139: http: panic serving [::1]:63973: open app/views/templates/public_navber.html: no such file or directory
goroutine 20 [running]:
net/http.(*conn).serve.func1(0xc0000bb400)
	/usr/local/Cellar/go/1.16.5/libexec/src/net/http/server.go:1824 +0x153
panic(0x44da540, 0xc000192450)
	/usr/local/Cellar/go/1.16.5/libexec/src/runtime/panic.go:971 +0x499
html/template.Must(...)
	/usr/local/Cellar/go/1.16.5/libexec/src/html/template/template.go:374
todo_app/app/controllers.generateHTML(0x45ad010, 0xc0001aa000, 0x0, 0x0, 0xc000048aa8, 0x3, 0x3)
	/Users/nishikawamasahumi/go/src/todo_app/app/controllers/server.go:18 +0x2ce
todo_app/app/controllers.login(0x45ad010, 0xc0001aa000, 0xc000102200)
	/Users/nishikawamasahumi/go/src/todo_app/app/controllers/route_auth.go:31 +0xae
net/http.HandlerFunc.ServeHTTP(0x4550788, 0x45ad010, 0xc0001aa000, 0xc000102200)
	/usr/local/Cellar/go/1.16.5/libexec/src/net/http/server.go:2069 +0x44
net/http.(*ServeMux).ServeHTTP(0x47ce2c0, 0x45ad010, 0xc0001aa000, 0xc000102200)
	/usr/local/Cellar/go/1.16.5/libexec/src/net/http/server.go:2448 +0x1ad
net/http.serverHandler.ServeHTTP(0xc000110000, 0x45ad010, 0xc0001aa000, 0xc000102200)
	/usr/local/Cellar/go/1.16.5/libexec/src/net/http/server.go:2887 +0xa3
net/http.(*conn).serve(0xc0000bb400, 0x45ad7c0, 0xc0000d8580)
	/usr/local/Cellar/go/1.16.5/libexec/src/net/http/server.go:1952 +0x8cd
created by net/http.(*Server).Serve
	/usr/local/Cellar/go/1.16.5/libexec/src/net/http/server.go:3013 +0x39b
2022/02/09 03:20:18 server.go:3139: http: panic serving [::1]:63974: open app/views/templates/public_navber.html: no such file or directory
goroutine 21 [running]:
net/http.(*conn).serve.func1(0xc0000bb4a0)
	/usr/local/Cellar/go/1.16.5/libexec/src/net/http/server.go:1824 +0x153
panic(0x44da540, 0xc00009bc20)
	/usr/local/Cellar/go/1.16.5/libexec/src/runtime/panic.go:971 +0x499
html/template.Must(...)
	/usr/local/Cellar/go/1.16.5/libexec/src/html/template/template.go:374
todo_app/app/controllers.generateHTML(0x45ad010, 0xc0001100e0, 0x0, 0x0, 0xc0000c3aa8, 0x3, 0x3)
	/Users/nishikawamasahumi/go/src/todo_app/app/controllers/server.go:18 +0x2ce
todo_app/app/controllers.login(0x45ad010, 0xc0001100e0, 0xc000102100)
	/Users/nishikawamasahumi/go/src/todo_app/app/controllers/route_auth.go:31 +0xae
net/http.HandlerFunc.ServeHTTP(0x4550788, 0x45ad010, 0xc0001100e0, 0xc000102100)
	/usr/local/Cellar/go/1.16.5/libexec/src/net/http/server.go:2069 +0x44
net/http.(*ServeMux).ServeHTTP(0x47ce2c0, 0x45ad010, 0xc0001100e0, 0xc000102100)
	/usr/local/Cellar/go/1.16.5/libexec/src/net/http/server.go:2448 +0x1ad
net/http.serverHandler.ServeHTTP(0xc000110000, 0x45ad010, 0xc0001100e0, 0xc000102100)
	/usr/local/Cellar/go/1.16.5/libexec/src/net/http/server.go:2887 +0xa3
net/http.(*conn).serve(0xc0000bb4a0, 0x45ad7c0, 0xc0000d84c0)
	/usr/local/Cellar/go/1.16.5/libexec/src/net/http/server.go:1952 +0x8cd
created by net/http.(*Server).Serve
	/usr/local/Cellar/go/1.16.5/libexec/src/net/http/server.go:3013 +0x39b
2022/02/09 03:20:18 server.go:3139: http: panic serving [::1]:63975: open app/views/templates/public_navber.html: no such file or directory
goroutine 50 [running]:
net/http.(*conn).serve.func1(0xc00020c000)
	/usr/local/Cellar/go/1.16.5/libexec/src/net/http/server.go:1824 +0x153
panic(0x44da540, 0xc000208540)
	/usr/local/Cellar/go/1.16.5/libexec/src/runtime/panic.go:971 +0x499
html/template.Must(...)
	/usr/local/Cellar/go/1.16.5/libexec/src/html/template/template.go:374
todo_app/app/controllers.generateHTML(0x45ad010, 0xc00022a000, 0x0, 0x0, 0xc000184aa8, 0x3, 0x3)
	/Users/nishikawamasahumi/go/src/todo_app/app/controllers/server.go:18 +0x2ce
todo_app/app/controllers.login(0x45ad010, 0xc00022a000, 0xc000214000)
	/Users/nishikawamasahumi/go/src/todo_app/app/controllers/route_auth.go:31 +0xae
net/http.HandlerFunc.ServeHTTP(0x4550788, 0x45ad010, 0xc00022a000, 0xc000214000)
	/usr/local/Cellar/go/1.16.5/libexec/src/net/http/server.go:2069 +0x44
net/http.(*ServeMux).ServeHTTP(0x47ce2c0, 0x45ad010, 0xc00022a000, 0xc000214000)
	/usr/local/Cellar/go/1.16.5/libexec/src/net/http/server.go:2448 +0x1ad
net/http.serverHandler.ServeHTTP(0xc000110000, 0x45ad010, 0xc00022a000, 0xc000214000)
	/usr/local/Cellar/go/1.16.5/libexec/src/net/http/server.go:2887 +0xa3
net/http.(*conn).serve(0xc00020c000, 0x45ad7c0, 0xc000210000)
	/usr/local/Cellar/go/1.16.5/libexec/src/net/http/server.go:1952 +0x8cd
created by net/http.(*Server).Serve
	/usr/local/Cellar/go/1.16.5/libexec/src/net/http/server.go:3013 +0x39b
2022/02/09 03:20:19 server.go:3139: http: panic serving [::1]:63978: open app/views/templates/public_navber.html: no such file or directory
goroutine 24 [running]:
net/http.(*conn).serve.func1(0xc0000bb540)
	/usr/local/Cellar/go/1.16.5/libexec/src/net/http/server.go:1824 +0x153
panic(0x44da540, 0xc000208630)
	/usr/local/Cellar/go/1.16.5/libexec/src/runtime/panic.go:971 +0x499
html/template.Must(...)
	/usr/local/Cellar/go/1.16.5/libexec/src/html/template/template.go:374
todo_app/app/controllers.generateHTML(0x45ad010, 0xc0001101c0, 0x0, 0x0, 0xc00004aaa8, 0x3, 0x3)
	/Users/nishikawamasahumi/go/src/todo_app/app/controllers/server.go:18 +0x2ce
todo_app/app/controllers.login(0x45ad010, 0xc0001101c0, 0xc000102500)
	/Users/nishikawamasahumi/go/src/todo_app/app/controllers/route_auth.go:31 +0xae
net/http.HandlerFunc.ServeHTTP(0x4550788, 0x45ad010, 0xc0001101c0, 0xc000102500)
	/usr/local/Cellar/go/1.16.5/libexec/src/net/http/server.go:2069 +0x44
net/http.(*ServeMux).ServeHTTP(0x47ce2c0, 0x45ad010, 0xc0001101c0, 0xc000102500)
	/usr/local/Cellar/go/1.16.5/libexec/src/net/http/server.go:2448 +0x1ad
net/http.serverHandler.ServeHTTP(0xc000110000, 0x45ad010, 0xc0001101c0, 0xc000102500)
	/usr/local/Cellar/go/1.16.5/libexec/src/net/http/server.go:2887 +0xa3
net/http.(*conn).serve(0xc0000bb540, 0x45ad7c0, 0xc0000d8940)
	/usr/local/Cellar/go/1.16.5/libexec/src/net/http/server.go:1952 +0x8cd
created by net/http.(*Server).Serve
	/usr/local/Cellar/go/1.16.5/libexec/src/net/http/server.go:3013 +0x39b
2022/02/09 03:20:24 server.go:3139: http: panic serving [::1]:63979: open app/views/templates/public_navber.html: no such file or directory
goroutine 25 [running]:
net/http.(*conn).serve.func1(0xc0000bb5e0)
	/usr/local/Cellar/go/1.16.5/libexec/src/net/http/server.go:1824 +0x153
panic(0x44da540, 0xc00013c5a0)
	/usr/local/Cellar/go/1.16.5/libexec/src/runtime/panic.go:971 +0x499
html/template.Must(...)
	/usr/local/Cellar/go/1.16.5/libexec/src/html/template/template.go:374
todo_app/app/controllers.generateHTML(0x45ad010, 0xc0001102a0, 0x0, 0x0, 0xc000049aa8, 0x3, 0x3)
	/Users/nishikawamasahumi/go/src/todo_app/app/controllers/server.go:18 +0x2ce
todo_app/app/controllers.login(0x45ad010, 0xc0001102a0, 0xc000102400)
	/Users/nishikawamasahumi/go/src/todo_app/app/controllers/route_auth.go:31 +0xae
net/http.HandlerFunc.ServeHTTP(0x4550788, 0x45ad010, 0xc0001102a0, 0xc000102400)
	/usr/local/Cellar/go/1.16.5/libexec/src/net/http/server.go:2069 +0x44
net/http.(*ServeMux).ServeHTTP(0x47ce2c0, 0x45ad010, 0xc0001102a0, 0xc000102400)
	/usr/local/Cellar/go/1.16.5/libexec/src/net/http/server.go:2448 +0x1ad
net/http.serverHandler.ServeHTTP(0xc000110000, 0x45ad010, 0xc0001102a0, 0xc000102400)
	/usr/local/Cellar/go/1.16.5/libexec/src/net/http/server.go:2887 +0xa3
net/http.(*conn).serve(0xc0000bb5e0, 0x45ad7c0, 0xc0000d88c0)
	/usr/local/Cellar/go/1.16.5/libexec/src/net/http/server.go:1952 +0x8cd
created by net/http.(*Server).Serve
	/usr/local/Cellar/go/1.16.5/libexec/src/net/http/server.go:3013 +0x39b
2022/02/09 03:20:24 server.go:3139: http: panic serving [::1]:63982: open app/views/templates/public_navber.html: no such file or directory
goroutine 53 [running]:
net/http.(*conn).serve.func1(0xc00020c0a0)
	/usr/local/Cellar/go/1.16.5/libexec/src/net/http/server.go:1824 +0x153
panic(0x44da540, 0xc000208b70)
	/usr/local/Cellar/go/1.16.5/libexec/src/runtime/panic.go:971 +0x499
html/template.Must(...)
	/usr/local/Cellar/go/1.16.5/libexec/src/html/template/template.go:374
todo_app/app/controllers.generateHTML(0x45ad010, 0xc00022a0e0, 0x0, 0x0, 0xc000184aa8, 0x3, 0x3)
	/Users/nishikawamasahumi/go/src/todo_app/app/controllers/server.go:18 +0x2ce
todo_app/app/controllers.login(0x45ad010, 0xc00022a0e0, 0xc000214200)
	/Users/nishikawamasahumi/go/src/todo_app/app/controllers/route_auth.go:31 +0xae
net/http.HandlerFunc.ServeHTTP(0x4550788, 0x45ad010, 0xc00022a0e0, 0xc000214200)
	/usr/local/Cellar/go/1.16.5/libexec/src/net/http/server.go:2069 +0x44
net/http.(*ServeMux).ServeHTTP(0x47ce2c0, 0x45ad010, 0xc00022a0e0, 0xc000214200)
	/usr/local/Cellar/go/1.16.5/libexec/src/net/http/server.go:2448 +0x1ad
net/http.serverHandler.ServeHTTP(0xc000110000, 0x45ad010, 0xc00022a0e0, 0xc000214200)
	/usr/local/Cellar/go/1.16.5/libexec/src/net/http/server.go:2887 +0xa3
net/http.(*conn).serve(0xc00020c0a0, 0x45ad7c0, 0xc000210440)
	/usr/local/Cellar/go/1.16.5/libexec/src/net/http/server.go:1952 +0x8cd
created by net/http.(*Server).Serve
	/usr/local/Cellar/go/1.16.5/libexec/src/net/http/server.go:3013 +0x39b
2022/02/09 03:20:24 server.go:3139: http: panic serving [::1]:63983: open app/views/templates/public_navber.html: no such file or directory
goroutine 56 [running]:
net/http.(*conn).serve.func1(0xc00020c140)
	/usr/local/Cellar/go/1.16.5/libexec/src/net/http/server.go:1824 +0x153
panic(0x44da540, 0xc0002090b0)
	/usr/local/Cellar/go/1.16.5/libexec/src/runtime/panic.go:971 +0x499
html/template.Must(...)
	/usr/local/Cellar/go/1.16.5/libexec/src/html/template/template.go:374
todo_app/app/controllers.generateHTML(0x45ad010, 0xc00022a1c0, 0x0, 0x0, 0xc000184aa8, 0x3, 0x3)
	/Users/nishikawamasahumi/go/src/todo_app/app/controllers/server.go:18 +0x2ce
todo_app/app/controllers.login(0x45ad010, 0xc00022a1c0, 0xc000214500)
	/Users/nishikawamasahumi/go/src/todo_app/app/controllers/route_auth.go:31 +0xae
net/http.HandlerFunc.ServeHTTP(0x4550788, 0x45ad010, 0xc00022a1c0, 0xc000214500)
	/usr/local/Cellar/go/1.16.5/libexec/src/net/http/server.go:2069 +0x44
net/http.(*ServeMux).ServeHTTP(0x47ce2c0, 0x45ad010, 0xc00022a1c0, 0xc000214500)
	/usr/local/Cellar/go/1.16.5/libexec/src/net/http/server.go:2448 +0x1ad
net/http.serverHandler.ServeHTTP(0xc000110000, 0x45ad010, 0xc00022a1c0, 0xc000214500)
	/usr/local/Cellar/go/1.16.5/libexec/src/net/http/server.go:2887 +0xa3
net/http.(*conn).serve(0xc00020c140, 0x45ad7c0, 0xc000210740)
	/usr/local/Cellar/go/1.16.5/libexec/src/net/http/server.go:1952 +0x8cd
created by net/http.(*Server).Serve
	/usr/local/Cellar/go/1.16.5/libexec/src/net/http/server.go:3013 +0x39b
2022/02/09 03:20:54 server.go:3139: http: panic serving [::1]:63998: open app/views/templates/public_navber.html: no such file or directory
goroutine 59 [running]:
net/http.(*conn).serve.func1(0xc00020c1e0)
	/usr/local/Cellar/go/1.16.5/libexec/src/net/http/server.go:1824 +0x153
panic(0x44da540, 0xc0002096b0)
	/usr/local/Cellar/go/1.16.5/libexec/src/runtime/panic.go:971 +0x499
html/template.Must(...)
	/usr/local/Cellar/go/1.16.5/libexec/src/html/template/template.go:374
todo_app/app/controllers.generateHTML(0x45ad010, 0xc00022a2a0, 0x0, 0x0, 0xc000185aa8, 0x3, 0x3)
	/Users/nishikawamasahumi/go/src/todo_app/app/controllers/server.go:18 +0x2ce
todo_app/app/controllers.login(0x45ad010, 0xc00022a2a0, 0xc000214800)
	/Users/nishikawamasahumi/go/src/todo_app/app/controllers/route_auth.go:31 +0xae
net/http.HandlerFunc.ServeHTTP(0x4550788, 0x45ad010, 0xc00022a2a0, 0xc000214800)
	/usr/local/Cellar/go/1.16.5/libexec/src/net/http/server.go:2069 +0x44
net/http.(*ServeMux).ServeHTTP(0x47ce2c0, 0x45ad010, 0xc00022a2a0, 0xc000214800)
	/usr/local/Cellar/go/1.16.5/libexec/src/net/http/server.go:2448 +0x1ad
net/http.serverHandler.ServeHTTP(0xc000110000, 0x45ad010, 0xc00022a2a0, 0xc000214800)
	/usr/local/Cellar/go/1.16.5/libexec/src/net/http/server.go:2887 +0xa3
net/http.(*conn).serve(0xc00020c1e0, 0x45ad7c0, 0xc000210b00)
	/usr/local/Cellar/go/1.16.5/libexec/src/net/http/server.go:1952 +0x8cd
created by net/http.(*Server).Serve
	/usr/local/Cellar/go/1.16.5/libexec/src/net/http/server.go:3013 +0x39b
2022/02/09 03:20:54 server.go:3139: http: panic serving [::1]:63999: open app/views/templates/public_navber.html: no such file or directory
goroutine 60 [running]:
net/http.(*conn).serve.func1(0xc00020c280)
	/usr/local/Cellar/go/1.16.5/libexec/src/net/http/server.go:1824 +0x153
panic(0x44da540, 0xc000209b60)
	/usr/local/Cellar/go/1.16.5/libexec/src/runtime/panic.go:971 +0x499
html/template.Must(...)
	/usr/local/Cellar/go/1.16.5/libexec/src/html/template/template.go:374
todo_app/app/controllers.generateHTML(0x45ad010, 0xc00022a380, 0x0, 0x0, 0xc000184aa8, 0x3, 0x3)
	/Users/nishikawamasahumi/go/src/todo_app/app/controllers/server.go:18 +0x2ce
todo_app/app/controllers.login(0x45ad010, 0xc00022a380, 0xc000214700)
	/Users/nishikawamasahumi/go/src/todo_app/app/controllers/route_auth.go:31 +0xae
net/http.HandlerFunc.ServeHTTP(0x4550788, 0x45ad010, 0xc00022a380, 0xc000214700)
	/usr/local/Cellar/go/1.16.5/libexec/src/net/http/server.go:2069 +0x44
net/http.(*ServeMux).ServeHTTP(0x47ce2c0, 0x45ad010, 0xc00022a380, 0xc000214700)
	/usr/local/Cellar/go/1.16.5/libexec/src/net/http/server.go:2448 +0x1ad
net/http.serverHandler.ServeHTTP(0xc000110000, 0x45ad010, 0xc00022a380, 0xc000214700)
	/usr/local/Cellar/go/1.16.5/libexec/src/net/http/server.go:2887 +0xa3
net/http.(*conn).serve(0xc00020c280, 0x45ad7c0, 0xc000210a80)
	/usr/local/Cellar/go/1.16.5/libexec/src/net/http/server.go:1952 +0x8cd
created by net/http.(*Server).Serve
	/usr/local/Cellar/go/1.16.5/libexec/src/net/http/server.go:3013 +0x39b
2022/02/09 03:20:54 server.go:3139: http: panic serving [::1]:64000: open app/views/templates/public_navber.html: no such file or directory
goroutine 30 [running]:
net/http.(*conn).serve.func1(0xc0000bb680)
	/usr/local/Cellar/go/1.16.5/libexec/src/net/http/server.go:1824 +0x153
panic(0x44da540, 0xc0002ce000)
	/usr/local/Cellar/go/1.16.5/libexec/src/runtime/panic.go:971 +0x499
html/template.Must(...)
	/usr/local/Cellar/go/1.16.5/libexec/src/html/template/template.go:374
todo_app/app/controllers.generateHTML(0x45ad010, 0xc00022a460, 0x0, 0x0, 0xc000049aa8, 0x3, 0x3)
	/Users/nishikawamasahumi/go/src/todo_app/app/controllers/server.go:18 +0x2ce
todo_app/app/controllers.login(0x45ad010, 0xc00022a460, 0xc000102800)
	/Users/nishikawamasahumi/go/src/todo_app/app/controllers/route_auth.go:31 +0xae
net/http.HandlerFunc.ServeHTTP(0x4550788, 0x45ad010, 0xc00022a460, 0xc000102800)
	/usr/local/Cellar/go/1.16.5/libexec/src/net/http/server.go:2069 +0x44
net/http.(*ServeMux).ServeHTTP(0x47ce2c0, 0x45ad010, 0xc00022a460, 0xc000102800)
	/usr/local/Cellar/go/1.16.5/libexec/src/net/http/server.go:2448 +0x1ad
net/http.serverHandler.ServeHTTP(0xc000110000, 0x45ad010, 0xc00022a460, 0xc000102800)
	/usr/local/Cellar/go/1.16.5/libexec/src/net/http/server.go:2887 +0xa3
net/http.(*conn).serve(0xc0000bb680, 0x45ad7c0, 0xc0000d8dc0)
	/usr/local/Cellar/go/1.16.5/libexec/src/net/http/server.go:1952 +0x8cd
created by net/http.(*Server).Serve
	/usr/local/Cellar/go/1.16.5/libexec/src/net/http/server.go:3013 +0x39b
2022/02/09 03:21:54 server.go:3139: http: panic serving [::1]:64033: open app/views/templates/public_navber.html: no such file or directory
goroutine 67 [running]:
net/http.(*conn).serve.func1(0xc00020c320)
	/usr/local/Cellar/go/1.16.5/libexec/src/net/http/server.go:1824 +0x153
panic(0x44da540, 0xc0002ce540)
	/usr/local/Cellar/go/1.16.5/libexec/src/runtime/panic.go:971 +0x499
html/template.Must(...)
	/usr/local/Cellar/go/1.16.5/libexec/src/html/template/template.go:374
todo_app/app/controllers.generateHTML(0x45ad010, 0xc00022a540, 0x0, 0x0, 0xc000049aa8, 0x3, 0x3)
	/Users/nishikawamasahumi/go/src/todo_app/app/controllers/server.go:18 +0x2ce
todo_app/app/controllers.login(0x45ad010, 0xc00022a540, 0xc000214c00)
	/Users/nishikawamasahumi/go/src/todo_app/app/controllers/route_auth.go:31 +0xae
net/http.HandlerFunc.ServeHTTP(0x4550788, 0x45ad010, 0xc00022a540, 0xc000214c00)
	/usr/local/Cellar/go/1.16.5/libexec/src/net/http/server.go:2069 +0x44
net/http.(*ServeMux).ServeHTTP(0x47ce2c0, 0x45ad010, 0xc00022a540, 0xc000214c00)
	/usr/local/Cellar/go/1.16.5/libexec/src/net/http/server.go:2448 +0x1ad
net/http.serverHandler.ServeHTTP(0xc000110000, 0x45ad010, 0xc00022a540, 0xc000214c00)
	/usr/local/Cellar/go/1.16.5/libexec/src/net/http/server.go:2887 +0xa3
net/http.(*conn).serve(0xc00020c320, 0x45ad7c0, 0xc000211340)
	/usr/local/Cellar/go/1.16.5/libexec/src/net/http/server.go:1952 +0x8cd
created by net/http.(*Server).Serve
	/usr/local/Cellar/go/1.16.5/libexec/src/net/http/server.go:3013 +0x39b
2022/02/09 03:23:48 server.go:3139: http: panic serving [::1]:64096: open app/views/templates/public_navber.html: no such file or directory
goroutine 38 [running]:
net/http.(*conn).serve.func1(0xc0001f2140)
	/usr/local/Cellar/go/1.16.5/libexec/src/net/http/server.go:1824 +0x153
panic(0x44da540, 0xc00006e4b0)
	/usr/local/Cellar/go/1.16.5/libexec/src/runtime/panic.go:971 +0x499
html/template.Must(...)
	/usr/local/Cellar/go/1.16.5/libexec/src/html/template/template.go:374
todo_app/app/controllers.generateHTML(0x45ad010, 0xc00007c000, 0x0, 0x0, 0xc00018baa8, 0x3, 0x3)
	/Users/nishikawamasahumi/go/src/todo_app/app/controllers/server.go:18 +0x2ce
todo_app/app/controllers.login(0x45ad010, 0xc00007c000, 0xc000190400)
	/Users/nishikawamasahumi/go/src/todo_app/app/controllers/route_auth.go:31 +0xae
net/http.HandlerFunc.ServeHTTP(0x4550788, 0x45ad010, 0xc00007c000, 0xc000190400)
	/usr/local/Cellar/go/1.16.5/libexec/src/net/http/server.go:2069 +0x44
net/http.(*ServeMux).ServeHTTP(0x47ce2c0, 0x45ad010, 0xc00007c000, 0xc000190400)
	/usr/local/Cellar/go/1.16.5/libexec/src/net/http/server.go:2448 +0x1ad
net/http.serverHandler.ServeHTTP(0xc000110000, 0x45ad010, 0xc00007c000, 0xc000190400)
	/usr/local/Cellar/go/1.16.5/libexec/src/net/http/server.go:2887 +0xa3
net/http.(*conn).serve(0xc0001f2140, 0x45ad7c0, 0xc0001a4440)
	/usr/local/Cellar/go/1.16.5/libexec/src/net/http/server.go:1952 +0x8cd
created by net/http.(*Server).Serve
	/usr/local/Cellar/go/1.16.5/libexec/src/net/http/server.go:3013 +0x39b
2022/02/09 03:23:48 server.go:3139: http: panic serving [::1]:64097: open app/views/templates/public_navber.html: no such file or directory
goroutine 39 [running]:
net/http.(*conn).serve.func1(0xc0001f21e0)
	/usr/local/Cellar/go/1.16.5/libexec/src/net/http/server.go:1824 +0x153
panic(0x44da540, 0xc00006e960)
	/usr/local/Cellar/go/1.16.5/libexec/src/runtime/panic.go:971 +0x499
html/template.Must(...)
	/usr/local/Cellar/go/1.16.5/libexec/src/html/template/template.go:374
todo_app/app/controllers.generateHTML(0x45ad010, 0xc00007c0e0, 0x0, 0x0, 0xc00018aaa8, 0x3, 0x3)
	/Users/nishikawamasahumi/go/src/todo_app/app/controllers/server.go:18 +0x2ce
todo_app/app/controllers.login(0x45ad010, 0xc00007c0e0, 0xc000190300)
	/Users/nishikawamasahumi/go/src/todo_app/app/controllers/route_auth.go:31 +0xae
net/http.HandlerFunc.ServeHTTP(0x4550788, 0x45ad010, 0xc00007c0e0, 0xc000190300)
	/usr/local/Cellar/go/1.16.5/libexec/src/net/http/server.go:2069 +0x44
net/http.(*ServeMux).ServeHTTP(0x47ce2c0, 0x45ad010, 0xc00007c0e0, 0xc000190300)
	/usr/local/Cellar/go/1.16.5/libexec/src/net/http/server.go:2448 +0x1ad
net/http.serverHandler.ServeHTTP(0xc000110000, 0x45ad010, 0xc00007c0e0, 0xc000190300)
	/usr/local/Cellar/go/1.16.5/libexec/src/net/http/server.go:2887 +0xa3
net/http.(*conn).serve(0xc0001f21e0, 0x45ad7c0, 0xc0001a43c0)
	/usr/local/Cellar/go/1.16.5/libexec/src/net/http/server.go:1952 +0x8cd
created by net/http.(*Server).Serve
	/usr/local/Cellar/go/1.16.5/libexec/src/net/http/server.go:3013 +0x39b
2022/02/09 03:23:48 server.go:3139: http: panic serving [::1]:64098: open app/views/templates/public_navber.html: no such file or directory
goroutine 9 [running]:
net/http.(*conn).serve.func1(0xc000334000)
	/usr/local/Cellar/go/1.16.5/libexec/src/net/http/server.go:1824 +0x153
panic(0x44da540, 0xc0002ce9c0)
	/usr/local/Cellar/go/1.16.5/libexec/src/runtime/panic.go:971 +0x499
html/template.Must(...)
	/usr/local/Cellar/go/1.16.5/libexec/src/html/template/template.go:374
todo_app/app/controllers.generateHTML(0x45ad010, 0xc00022a620, 0x0, 0x0, 0xc00018aaa8, 0x3, 0x3)
	/Users/nishikawamasahumi/go/src/todo_app/app/controllers/server.go:18 +0x2ce
todo_app/app/controllers.login(0x45ad010, 0xc00022a620, 0xc000074200)
	/Users/nishikawamasahumi/go/src/todo_app/app/controllers/route_auth.go:31 +0xae
net/http.HandlerFunc.ServeHTTP(0x4550788, 0x45ad010, 0xc00022a620, 0xc000074200)
	/usr/local/Cellar/go/1.16.5/libexec/src/net/http/server.go:2069 +0x44
net/http.(*ServeMux).ServeHTTP(0x47ce2c0, 0x45ad010, 0xc00022a620, 0xc000074200)
	/usr/local/Cellar/go/1.16.5/libexec/src/net/http/server.go:2448 +0x1ad
net/http.serverHandler.ServeHTTP(0xc000110000, 0x45ad010, 0xc00022a620, 0xc000074200)
	/usr/local/Cellar/go/1.16.5/libexec/src/net/http/server.go:2887 +0xa3
net/http.(*conn).serve(0xc000334000, 0x45ad7c0, 0xc000060540)
	/usr/local/Cellar/go/1.16.5/libexec/src/net/http/server.go:1952 +0x8cd
created by net/http.(*Server).Serve
	/usr/local/Cellar/go/1.16.5/libexec/src/net/http/server.go:3013 +0x39b
2022/02/09 03:23:52 server.go:3139: http: panic serving [::1]:64101: open app/views/templates/public_navber.html: no such file or directory
goroutine 72 [running]:
net/http.(*conn).serve.func1(0xc00020c3c0)
	/usr/local/Cellar/go/1.16.5/libexec/src/net/http/server.go:1824 +0x153
panic(0x44da540, 0xc00006eea0)
	/usr/local/Cellar/go/1.16.5/libexec/src/runtime/panic.go:971 +0x499
html/template.Must(...)
	/usr/local/Cellar/go/1.16.5/libexec/src/html/template/template.go:374
todo_app/app/controllers.generateHTML(0x45ad010, 0xc00007c1c0, 0x0, 0x0, 0xc000049aa8, 0x3, 0x3)
	/Users/nishikawamasahumi/go/src/todo_app/app/controllers/server.go:18 +0x2ce
todo_app/app/controllers.login(0x45ad010, 0xc00007c1c0, 0xc000215000)
	/Users/nishikawamasahumi/go/src/todo_app/app/controllers/route_auth.go:31 +0xae
net/http.HandlerFunc.ServeHTTP(0x4550788, 0x45ad010, 0xc00007c1c0, 0xc000215000)
	/usr/local/Cellar/go/1.16.5/libexec/src/net/http/server.go:2069 +0x44
net/http.(*ServeMux).ServeHTTP(0x47ce2c0, 0x45ad010, 0xc00007c1c0, 0xc000215000)
	/usr/local/Cellar/go/1.16.5/libexec/src/net/http/server.go:2448 +0x1ad
net/http.serverHandler.ServeHTTP(0xc000110000, 0x45ad010, 0xc00007c1c0, 0xc000215000)
	/usr/local/Cellar/go/1.16.5/libexec/src/net/http/server.go:2887 +0xa3
net/http.(*conn).serve(0xc00020c3c0, 0x45ad7c0, 0xc000211940)
	/usr/local/Cellar/go/1.16.5/libexec/src/net/http/server.go:1952 +0x8cd
created by net/http.(*Server).Serve
	/usr/local/Cellar/go/1.16.5/libexec/src/net/http/server.go:3013 +0x39b
2022/02/09 03:23:52 server.go:3139: http: panic serving [::1]:64102: open app/views/templates/public_navber.html: no such file or directory
goroutine 73 [running]:
net/http.(*conn).serve.func1(0xc00020c460)
	/usr/local/Cellar/go/1.16.5/libexec/src/net/http/server.go:1824 +0x153
panic(0x44da540, 0xc00006f320)
	/usr/local/Cellar/go/1.16.5/libexec/src/runtime/panic.go:971 +0x499
html/template.Must(...)
	/usr/local/Cellar/go/1.16.5/libexec/src/html/template/template.go:374
todo_app/app/controllers.generateHTML(0x45ad010, 0xc00007c2a0, 0x0, 0x0, 0xc00018aaa8, 0x3, 0x3)
	/Users/nishikawamasahumi/go/src/todo_app/app/controllers/server.go:18 +0x2ce
todo_app/app/controllers.login(0x45ad010, 0xc00007c2a0, 0xc000214f00)
	/Users/nishikawamasahumi/go/src/todo_app/app/controllers/route_auth.go:31 +0xae
net/http.HandlerFunc.ServeHTTP(0x4550788, 0x45ad010, 0xc00007c2a0, 0xc000214f00)
	/usr/local/Cellar/go/1.16.5/libexec/src/net/http/server.go:2069 +0x44
net/http.(*ServeMux).ServeHTTP(0x47ce2c0, 0x45ad010, 0xc00007c2a0, 0xc000214f00)
	/usr/local/Cellar/go/1.16.5/libexec/src/net/http/server.go:2448 +0x1ad
net/http.serverHandler.ServeHTTP(0xc000110000, 0x45ad010, 0xc00007c2a0, 0xc000214f00)
	/usr/local/Cellar/go/1.16.5/libexec/src/net/http/server.go:2887 +0xa3
net/http.(*conn).serve(0xc00020c460, 0x45ad7c0, 0xc0002118c0)
	/usr/local/Cellar/go/1.16.5/libexec/src/net/http/server.go:1952 +0x8cd
created by net/http.(*Server).Serve
	/usr/local/Cellar/go/1.16.5/libexec/src/net/http/server.go:3013 +0x39b
2022/02/09 03:23:52 server.go:3139: http: panic serving [::1]:64103: open app/views/templates/public_navber.html: no such file or directory
goroutine 74 [running]:
net/http.(*conn).serve.func1(0xc00020c500)
	/usr/local/Cellar/go/1.16.5/libexec/src/net/http/server.go:1824 +0x153
panic(0x44da540, 0xc00006f7a0)
	/usr/local/Cellar/go/1.16.5/libexec/src/runtime/panic.go:971 +0x499
html/template.Must(...)
	/usr/local/Cellar/go/1.16.5/libexec/src/html/template/template.go:374
todo_app/app/controllers.generateHTML(0x45ad010, 0xc00007c380, 0x0, 0x0, 0xc000184aa8, 0x3, 0x3)
	/Users/nishikawamasahumi/go/src/todo_app/app/controllers/server.go:18 +0x2ce
todo_app/app/controllers.login(0x45ad010, 0xc00007c380, 0xc000215100)
	/Users/nishikawamasahumi/go/src/todo_app/app/controllers/route_auth.go:31 +0xae
net/http.HandlerFunc.ServeHTTP(0x4550788, 0x45ad010, 0xc00007c380, 0xc000215100)
	/usr/local/Cellar/go/1.16.5/libexec/src/net/http/server.go:2069 +0x44
net/http.(*ServeMux).ServeHTTP(0x47ce2c0, 0x45ad010, 0xc00007c380, 0xc000215100)
	/usr/local/Cellar/go/1.16.5/libexec/src/net/http/server.go:2448 +0x1ad
net/http.serverHandler.ServeHTTP(0xc000110000, 0x45ad010, 0xc00007c380, 0xc000215100)
	/usr/local/Cellar/go/1.16.5/libexec/src/net/http/server.go:2887 +0xa3
net/http.(*conn).serve(0xc00020c500, 0x45ad7c0, 0xc0002119c0)
	/usr/local/Cellar/go/1.16.5/libexec/src/net/http/server.go:1952 +0x8cd
created by net/http.(*Server).Serve
	/usr/local/Cellar/go/1.16.5/libexec/src/net/http/server.go:3013 +0x39b
2022/02/10 00:57:53 main.go:22: sql: expected 5 destination arguments in Scan, not 4
2022/02/10 01:06:22 main.go:22: sql: expected 5 destination arguments in Scan, not 4
2022/02/11 06:10:58 main.go:22: sql: expected 5 destination arguments in Scan, not 4
2022/02/11 06:17:41 main.go:22: sql: expected 5 destination arguments in Scan, not 4
